<?xml version="1.0" encoding="UTF-8"?>
<!-- Generated by org.testng.reporters.JUnitXMLReporter -->
<testsuite hostname="SBR-DEVPQA-12" ignored="7" name="Regression Test Cases(failed)" tests="1" failures="1" timestamp="26 Jul 2019 09:04:31 GMT" time="52.04" errors="0">
  <testcase name="addNewCategoryTest" time="31.704" classname="com.cm.qa.testcases.GeneralInformationPageTests">
    <failure type="org.openqa.selenium.TimeoutException" message="Expected condition failed: waiting for visibility of Proxy element for: DefaultElementLocator &amp;apos;By.xpath: //div[contains(@class,&amp;apos;toast-success&amp;apos;)]&amp;apos; (tried for 20 second(s) with 500 milliseconds interval)">
      <![CDATA[org.openqa.selenium.TimeoutException: Expected condition failed: waiting for visibility of Proxy element for: DefaultElementLocator 'By.xpath: //div[contains(@class,'toast-success')]' (tried for 20 second(s) with 500 milliseconds interval)
at org.openqa.selenium.support.ui.WebDriverWait.timeoutException(WebDriverWait.java:113)
at org.openqa.selenium.support.ui.FluentWait.until(FluentWait.java:283)
at cm.cm.qa.base.TestBase.customVisibleWait(TestBase.java:60)
at com.cm.qa.utills.Utills.readSuccessMessage(Utills.java:30)
at com.cm.qa.testcases.GeneralInformationPageTests.addNewCategoryTest(GeneralInformationPageTests.java:44)
Caused by: org.openqa.selenium.NoSuchElementException: Unable to locate element: //div[contains(@class,'toast-success')]
For documentation on this error, please visit: http://seleniumhq.org/exceptions/no_such_element.html
Build info: version: '3.14.0', revision: 'aacccce0', time: '2018-08-02T20:19:58.91Z'
System info: host: 'SBR-DEVPQA-12', ip: '10.182.106.119', os.name: 'Windows 10', os.arch: 'amd64', os.version: '10.0', java.version: '1.8.0_112'
Driver info: org.openqa.selenium.firefox.FirefoxDriver
Capabilities {acceptInsecureCerts: true, browserName: firefox, browserVersion: 68.0.1, javascriptEnabled: true, moz:accessibilityChecks: false, moz:buildID: 20190717172542, moz:geckodriverVersion: 0.24.0, moz:headless: false, moz:processID: 13016, moz:profile: C:\Users\subhash.bhatewera\..., moz:shutdownTimeout: 60000, moz:useNonSpecCompliantPointerOrigin: false, moz:webdriverClick: true, pageLoadStrategy: normal, platform: WINDOWS, platformName: WINDOWS, platformVersion: 10.0, rotatable: false, setWindowRect: true, strictFileInteractability: false, timeouts: {implicit: 0, pageLoad: 300000, script: 30000}, unhandledPromptBehavior: dismiss and notify}
Session ID: 242cc277-857a-4d18-aee4-45cce5e66668
*** Element info: {Using=xpath, value=//div[contains(@class,'toast-success')]}
at org.openqa.selenium.remote.http.W3CHttpResponseCodec.createException(W3CHttpResponseCodec.java:187)
at org.openqa.selenium.remote.http.W3CHttpResponseCodec.decode(W3CHttpResponseCodec.java:122)
at org.openqa.selenium.remote.http.W3CHttpResponseCodec.decode(W3CHttpResponseCodec.java:49)
at org.openqa.selenium.remote.HttpCommandExecutor.execute(HttpCommandExecutor.java:158)
at org.openqa.selenium.remote.service.DriverCommandExecutor.execute(DriverCommandExecutor.java:83)
at org.openqa.selenium.remote.RemoteWebDriver.execute(RemoteWebDriver.java:548)
at org.openqa.selenium.remote.RemoteWebDriver.findElement(RemoteWebDriver.java:322)
at org.openqa.selenium.remote.RemoteWebDriver.findElementByXPath(RemoteWebDriver.java:424)
at org.openqa.selenium.By$ByXPath.findElement(By.java:353)
at org.openqa.selenium.remote.RemoteWebDriver.findElement(RemoteWebDriver.java:314)
at org.openqa.selenium.support.pagefactory.DefaultElementLocator.findElement(DefaultElementLocator.java:69)
at org.openqa.selenium.support.pagefactory.internal.LocatingElementHandler.invoke(LocatingElementHandler.java:38)
at com.sun.proxy.$Proxy9.isDisplayed(Unknown Source)
at org.openqa.selenium.support.ui.ExpectedConditions.elementIfVisible(ExpectedConditions.java:315)
at org.openqa.selenium.support.ui.ExpectedConditions.access$100(ExpectedConditions.java:44)
at org.openqa.selenium.support.ui.ExpectedConditions$10.apply(ExpectedConditions.java:301)
at org.openqa.selenium.support.ui.ExpectedConditions$10.apply(ExpectedConditions.java:298)
at org.openqa.selenium.support.ui.FluentWait.until(FluentWait.java:260)
... 28 more
... Removed 29 stack frames]]>
    </failure>
  </testcase> <!-- addNewCategoryTest -->
  <testcase name="addNewBusinessPartnerTest" time="0.0" classname="com.cm.qa.testcases.GeneralInformationPageTests">
    <ignored/>
  </testcase> <!-- addNewBusinessPartnerTest -->
  <testcase name="addGeneralTermsTest" time="0.0" classname="com.cm.qa.testcases.CommercialsPageTests">
    <ignored/>
  </testcase> <!-- addGeneralTermsTest -->
  <testcase name="addGeneralInformationTest" time="0.0" classname="com.cm.qa.testcases.GeneralInformationPageTests">
    <ignored/>
  </testcase> <!-- addGeneralInformationTest -->
  <testcase name="addCOLATest" time="0.0" classname="com.cm.qa.testcases.OtherCommercialTermsPageTests">
    <ignored/>
  </testcase> <!-- addCOLATest -->
  <testcase name="addNewSubCategoryTest" time="0.0" classname="com.cm.qa.testcases.GeneralInformationPageTests">
    <ignored/>
  </testcase> <!-- addNewSubCategoryTest -->
  <testcase name="addLatePaymentFeeTest" time="0.0" classname="com.cm.qa.testcases.OtherCommercialTermsPageTests">
    <ignored/>
  </testcase> <!-- addLatePaymentFeeTest -->
  <testcase name="addPenaltyTest" time="0.0" classname="com.cm.qa.testcases.OtherCommercialTermsPageTests">
    <ignored/>
  </testcase> <!-- addPenaltyTest -->
</testsuite> <!-- Regression Test Cases(failed) -->
