<?xml version="1.0" encoding="UTF-8"?>
<!-- Generated by org.testng.reporters.JUnitXMLReporter -->
<testsuite hostname="SBR-DEVPQA-12" ignored="1" name="Dashboard Tests" tests="17" failures="1" timestamp="22 Jan 2020 08:35:11 GMT" time="374.436" errors="0">
  <testcase name="verifyLandingPageTest" time="3.361" classname="com.cm.qa.testcases.DashboardPageTests"/>
  <testcase name="validateContractListLinkTest" time="3.517" classname="com.cm.qa.testcases.DashboardPageTests"/>
  <testcase name="validateDocSearchLinkTest" time="0.457" classname="com.cm.qa.testcases.DashboardPageTests"/>
  <testcase name="validateNotificationLinkTest" time="0.55" classname="com.cm.qa.testcases.DashboardPageTests"/>
  <testcase name="validateAddContractButtonTest" time="0.279" classname="com.cm.qa.testcases.ContractListPageTests"/>
  <testcase name="updateProfilePicture" time="26.621" classname="com.cm.qa.testcases.ProfilePageTests">
    <failure type="org.openqa.selenium.TimeoutException" message="Expected condition failed: waiting for visibility of Proxy element for: DefaultElementLocator &amp;apos;By.xpath: //div[contains(@class,&amp;apos;toast-success&amp;apos;)]&amp;apos; (tried for 10 second(s) with 500 milliseconds interval)">
      <![CDATA[org.openqa.selenium.TimeoutException: Expected condition failed: waiting for visibility of Proxy element for: DefaultElementLocator 'By.xpath: //div[contains(@class,'toast-success')]' (tried for 10 second(s) with 500 milliseconds interval)
at org.openqa.selenium.support.ui.WebDriverWait.timeoutException(WebDriverWait.java:113)
at org.openqa.selenium.support.ui.FluentWait.until(FluentWait.java:283)
at cm.cm.qa.base.ActionClass.customVisibleWait(ActionClass.java:26)
at com.cm.qa.utills.Utills.readSuccessMessage(Utills.java:31)
at com.cm.qa.testcases.ProfilePageTests.updateProfilePicture(ProfilePageTests.java:37)
Caused by: org.openqa.selenium.NoSuchElementException: no such element: Unable to locate element: {"method":"xpath","selector":"//div[contains(@class,'toast-success')]"}
  (Session info: chrome=79.0.3945.117)
For documentation on this error, please visit: http://seleniumhq.org/exceptions/no_such_element.html
Build info: version: '3.14.0', revision: 'aacccce0', time: '2018-08-02T20:19:58.91Z'
System info: host: 'SBR-DEVPQA-12', ip: '10.182.106.119', os.name: 'Windows 10', os.arch: 'amd64', os.version: '10.0', java.version: '1.8.0_112'
Driver info: org.openqa.selenium.chrome.ChromeDriver
Capabilities {acceptInsecureCerts: false, browserName: chrome, browserVersion: 79.0.3945.117, chrome: {chromedriverVersion: 79.0.3945.36 (3582db32b3389..., userDataDir: C:\Users\SUBHAS~1.BHA\AppDa...}, goog:chromeOptions: {debuggerAddress: localhost:52593}, javascriptEnabled: true, networkConnectionEnabled: false, pageLoadStrategy: normal, platform: WINDOWS, platformName: WINDOWS, proxy: Proxy(), setWindowRect: true, strictFileInteractability: false, timeouts: {implicit: 0, pageLoad: 300000, script: 30000}, unhandledPromptBehavior: dismiss and notify}
Session ID: cfba57b3c3a816652ca40c7310af22d7
*** Element info: {Using=xpath, value=//div[contains(@class,'toast-success')]}
at org.openqa.selenium.remote.http.W3CHttpResponseCodec.createException(W3CHttpResponseCodec.java:187)
at org.openqa.selenium.remote.http.W3CHttpResponseCodec.decode(W3CHttpResponseCodec.java:122)
at org.openqa.selenium.remote.http.W3CHttpResponseCodec.decode(W3CHttpResponseCodec.java:49)
at org.openqa.selenium.remote.HttpCommandExecutor.execute(HttpCommandExecutor.java:158)
at org.openqa.selenium.remote.service.DriverCommandExecutor.execute(DriverCommandExecutor.java:83)
at org.openqa.selenium.remote.RemoteWebDriver.execute(RemoteWebDriver.java:548)
at org.openqa.selenium.remote.RemoteWebDriver.findElement(RemoteWebDriver.java:322)
at org.openqa.selenium.remote.RemoteWebDriver.findElementByXPath(RemoteWebDriver.java:424)
at org.openqa.selenium.By$ByXPath.findElement(By.java:353)
at org.openqa.selenium.remote.RemoteWebDriver.findElement(RemoteWebDriver.java:314)
at org.openqa.selenium.support.pagefactory.DefaultElementLocator.findElement(DefaultElementLocator.java:69)
at org.openqa.selenium.support.pagefactory.internal.LocatingElementHandler.invoke(LocatingElementHandler.java:38)
at com.sun.proxy.$Proxy23.isDisplayed(Unknown Source)
at org.openqa.selenium.support.ui.ExpectedConditions.elementIfVisible(ExpectedConditions.java:315)
at org.openqa.selenium.support.ui.ExpectedConditions.access$100(ExpectedConditions.java:44)
at org.openqa.selenium.support.ui.ExpectedConditions$10.apply(ExpectedConditions.java:301)
at org.openqa.selenium.support.ui.ExpectedConditions$10.apply(ExpectedConditions.java:298)
at org.openqa.selenium.support.ui.FluentWait.until(FluentWait.java:260)
... 32 more
... Removed 33 stack frames]]>
    </failure>
  </testcase> <!-- updateProfilePicture -->
  <testcase name="invalidFirstNameTest" time="0.462" classname="com.cm.qa.testcases.ProfilePageTests"/>
  <testcase name="invalidFirstNameTest" time="0.377" classname="com.cm.qa.testcases.ProfilePageTests"/>
  <testcase name="invalidFirstNameTest" time="0.37" classname="com.cm.qa.testcases.ProfilePageTests"/>
  <testcase name="invalidLastNameTest" time="0.372" classname="com.cm.qa.testcases.ProfilePageTests"/>
  <testcase name="invalidLastNameTest" time="0.332" classname="com.cm.qa.testcases.ProfilePageTests"/>
  <testcase name="invalidLastNameTest" time="0.382" classname="com.cm.qa.testcases.ProfilePageTests"/>
  <testcase name="updateUserNameTest" time="1.878" classname="com.cm.qa.testcases.ProfilePageTests"/>
  <testcase name="updateUserNameTest" time="0.95" classname="com.cm.qa.testcases.ProfilePageTests"/>
  <testcase name="updateUserNameTest" time="0.952" classname="com.cm.qa.testcases.ProfilePageTests"/>
  <testcase name="updateUserNameTest" time="0.965" classname="com.cm.qa.testcases.ProfilePageTests"/>
  <testcase name="updateUserNameTest" time="1.425" classname="com.cm.qa.testcases.ProfilePageTests"/>
  <testcase name="validateEditContractIconTest" time="0.0" classname="com.cm.qa.testcases.ContractListPageTests">
    <ignored/>
  </testcase> <!-- validateEditContractIconTest -->
</testsuite> <!-- Dashboard Tests -->
