<html>
<head>
<title>TestNG:  Dashboard Tests</title>
<link href="../testng.css" rel="stylesheet" type="text/css" />
<link href="../my-testng.css" rel="stylesheet" type="text/css" />

<style type="text/css">
.log { display: none;} 
.stack-trace { display: none;} 
</style>
<script type="text/javascript">
<!--
function flip(e) {
  current = e.style.display;
  if (current == 'block') {
    e.style.display = 'none';
    return 0;
  }
  else {
    e.style.display = 'block';
    return 1;
  }
}

function toggleBox(szDivId, elem, msg1, msg2)
{
  var res = -1;  if (document.getElementById) {
    res = flip(document.getElementById(szDivId));
  }
  else if (document.all) {
    // this is the way old msie versions work
    res = flip(document.all[szDivId]);
  }
  if(elem) {
    if(res == 0) elem.innerHTML = msg1; else elem.innerHTML = msg2;
  }

}

function toggleAllBoxes() {
  if (document.getElementsByTagName) {
    d = document.getElementsByTagName('div');
    for (i = 0; i < d.length; i++) {
      if (d[i].className == 'log') {
        flip(d[i]);
      }
    }
  }
}

// -->
</script>

</head>
<body>
<h2 align='center'>Dashboard Tests</h2><table border='1' align="center">
<tr>
<td>Tests passed/Failed/Skipped:</td><td>16/1/0</td>
</tr><tr>
<td>Started on:</td><td>Wed Jan 22 13:58:57 IST 2020</td>
</tr>
<tr><td>Total time:</td><td>374 seconds (374436 ms)</td>
</tr><tr>
<td>Included groups:</td><td></td>
</tr><tr>
<td>Excluded groups:</td><td></td>
</tr>
</table><p/>
<small><i>(Hover the method name to see the test class name)</i></small><p/>
<table width='100%' border='1' class='invocation-failed'>
<tr><td colspan='4' align='center'><b>FAILED TESTS</b></td></tr>
<tr><td><b>Test method</b></td>
<td width="30%"><b>Exception</b></td>
<td width="10%"><b>Time (seconds)</b></td>
<td><b>Instance</b></td>
</tr>
<tr>
<td title='com.cm.qa.testcases.ProfilePageTests.updateProfilePicture()'><b>updateProfilePicture</b><br>Test class: com.cm.qa.testcases.ProfilePageTests</td>
<td><div><pre>org.openqa.selenium.TimeoutException: Expected condition failed: waiting for visibility of Proxy element for: DefaultElementLocator &apos;By.xpath: //div[contains(@class,&apos;toast-success&apos;)]&apos; (tried for 10 second(s) with 500 milliseconds interval)
	at org.openqa.selenium.support.ui.WebDriverWait.timeoutException(WebDriverWait.java:113)
	at org.openqa.selenium.support.ui.FluentWait.until(FluentWait.java:283)
	at cm.cm.qa.base.ActionClass.customVisibleWait(ActionClass.java:26)
	at com.cm.qa.utills.Utills.readSuccessMessage(Utills.java:31)
	at com.cm.qa.testcases.ProfilePageTests.updateProfilePicture(ProfilePageTests.java:37)
Caused by: org.openqa.selenium.NoSuchElementException: no such element: Unable to locate element: {&quot;method&quot;:&quot;xpath&quot;,&quot;selector&quot;:&quot;//div[contains(@class,&apos;toast-success&apos;)]&quot;}
  (Session info: chrome=79.0.3945.117)
For documentation on this error, please visit: http://seleniumhq.org/exceptions/no_such_element.html
Build info: version: &apos;3.14.0&apos;, revision: &apos;aacccce0&apos;, time: &apos;2018-08-02T20:19:58.91Z&apos;
System info: host: &apos;SBR-DEVPQA-12&apos;, ip: &apos;10.182.106.119&apos;, os.name: &apos;Windows 10&apos;, os.arch: &apos;amd64&apos;, os.version: &apos;10.0&apos;, java.version: &apos;1.8.0_112&apos;
Driver info: org.openqa.selenium.chrome.ChromeDriver
Capabilities {acceptInsecureCerts: false, browserName: chrome, browserVersion: 79.0.3945.117, chrome: {chromedriverVersion: 79.0.3945.36 (3582db32b3389..., userDataDir: C:\Users\SUBHAS~1.BHA\AppDa...}, goog:chromeOptions: {debuggerAddress: localhost:52593}, javascriptEnabled: true, networkConnectionEnabled: false, pageLoadStrategy: normal, platform: WINDOWS, platformName: WINDOWS, proxy: Proxy(), setWindowRect: true, strictFileInteractability: false, timeouts: {implicit: 0, pageLoad: 300000, script: 30000}, unhandledPromptBehavior: dismiss and notify}
Session ID: cfba57b3c3a816652ca40c7310af22d7
*** Element info: {Using=xpath, value=//div[contains(@class,&apos;toast-success&apos;)]}
	at org.openqa.selenium.remote.http.W3CHttpResponseCodec.createException(W3CHttpResponseCodec.java:187)
	at org.openqa.selenium.remote.http.W3CHttpResponseCodec.decode(W3CHttpResponseCodec.java:122)
	at org.openqa.selenium.remote.http.W3CHttpResponseCodec.decode(W3CHttpResponseCodec.java:49)
	at org.openqa.selenium.remote.HttpCommandExecutor.execute(HttpCommandExecutor.java:158)
	at org.openqa.selenium.remote.service.DriverCommandExecutor.execute(DriverCommandExecutor.java:83)
	at org.openqa.selenium.remote.RemoteWebDriver.execute(RemoteWebDriver.java:548)
	at org.openqa.selenium.remote.RemoteWebDriver.findElement(RemoteWebDriver.java:322)
	at org.openqa.selenium.remote.RemoteWebDriver.findElementByXPath(RemoteWebDriver.java:424)
	at org.openqa.selenium.By$ByXPath.findElement(By.java:353)
	at org.openqa.selenium.remote.RemoteWebDriver.findElement(RemoteWebDriver.java:314)
	at org.openqa.selenium.support.pagefactory.DefaultElementLocator.findElement(DefaultElementLocator.java:69)
	at org.openqa.selenium.support.pagefactory.internal.LocatingElementHandler.invoke(LocatingElementHandler.java:38)
	at com.sun.proxy.$Proxy23.isDisplayed(Unknown Source)
	at org.openqa.selenium.support.ui.ExpectedConditions.elementIfVisible(ExpectedConditions.java:315)
	at org.openqa.selenium.support.ui.ExpectedConditions.access$100(ExpectedConditions.java:44)
	at org.openqa.selenium.support.ui.ExpectedConditions$10.apply(ExpectedConditions.java:301)
	at org.openqa.selenium.support.ui.ExpectedConditions$10.apply(ExpectedConditions.java:298)
	at org.openqa.selenium.support.ui.FluentWait.until(FluentWait.java:260)
	... 32 more
... Removed 33 stack frames</pre></div><a href='#' onClick='toggleBox("stack-trace1171713907", this, "Click to show all stack frames", "Click to hide stack frames")'>Click to show all stack frames</a>
<div class='stack-trace' id='stack-trace1171713907'><pre>org.openqa.selenium.TimeoutException: Expected condition failed: waiting for visibility of Proxy element for: DefaultElementLocator &apos;By.xpath: //div[contains(@class,&apos;toast-success&apos;)]&apos; (tried for 10 second(s) with 500 milliseconds interval)
	at org.openqa.selenium.support.ui.WebDriverWait.timeoutException(WebDriverWait.java:113)
	at org.openqa.selenium.support.ui.FluentWait.until(FluentWait.java:283)
	at cm.cm.qa.base.ActionClass.customVisibleWait(ActionClass.java:26)
	at com.cm.qa.utills.Utills.readSuccessMessage(Utills.java:31)
	at com.cm.qa.testcases.ProfilePageTests.updateProfilePicture(ProfilePageTests.java:37)
	at sun.reflect.NativeMethodAccessorImpl.invoke0(Native Method)
	at sun.reflect.NativeMethodAccessorImpl.invoke(NativeMethodAccessorImpl.java:62)
	at sun.reflect.DelegatingMethodAccessorImpl.invoke(DelegatingMethodAccessorImpl.java:43)
	at java.lang.reflect.Method.invoke(Method.java:498)
	at org.testng.internal.MethodInvocationHelper.invokeMethod(MethodInvocationHelper.java:124)
	at org.testng.internal.Invoker.invokeMethod(Invoker.java:583)
	at org.testng.internal.Invoker.invokeTestMethod(Invoker.java:719)
	at org.testng.internal.Invoker.invokeTestMethods(Invoker.java:989)
	at org.testng.internal.TestMethodWorker.invokeTestMethods(TestMethodWorker.java:125)
	at org.testng.internal.TestMethodWorker.run(TestMethodWorker.java:109)
	at org.testng.TestRunner.privateRun(TestRunner.java:648)
	at org.testng.TestRunner.run(TestRunner.java:505)
	at org.testng.SuiteRunner.runTest(SuiteRunner.java:455)
	at org.testng.SuiteRunner.runSequentially(SuiteRunner.java:450)
	at org.testng.SuiteRunner.privateRun(SuiteRunner.java:415)
	at org.testng.SuiteRunner.run(SuiteRunner.java:364)
	at org.testng.SuiteRunnerWorker.runSuite(SuiteRunnerWorker.java:52)
	at org.testng.SuiteRunnerWorker.run(SuiteRunnerWorker.java:84)
	at org.testng.TestNG.runSuitesSequentially(TestNG.java:1208)
	at org.testng.TestNG.runSuitesLocally(TestNG.java:1137)
	at org.testng.TestNG.runSuites(TestNG.java:1049)
	at org.testng.TestNG.run(TestNG.java:1017)
	at org.apache.maven.surefire.testng.TestNGExecutor.run(TestNGExecutor.java:283)
	at org.apache.maven.surefire.testng.TestNGXmlTestSuite.execute(TestNGXmlTestSuite.java:75)
	at org.apache.maven.surefire.testng.TestNGProvider.invoke(TestNGProvider.java:120)
	at org.apache.maven.surefire.booter.ForkedBooter.runSuitesInProcess(ForkedBooter.java:377)
	at org.apache.maven.surefire.booter.ForkedBooter.execute(ForkedBooter.java:138)
	at org.apache.maven.surefire.booter.ForkedBooter.run(ForkedBooter.java:465)
	at org.apache.maven.surefire.booter.ForkedBooter.main(ForkedBooter.java:451)
Caused by: org.openqa.selenium.NoSuchElementException: no such element: Unable to locate element: {&quot;method&quot;:&quot;xpath&quot;,&quot;selector&quot;:&quot;//div[contains(@class,&apos;toast-success&apos;)]&quot;}
  (Session info: chrome=79.0.3945.117)
For documentation on this error, please visit: http://seleniumhq.org/exceptions/no_such_element.html
Build info: version: &apos;3.14.0&apos;, revision: &apos;aacccce0&apos;, time: &apos;2018-08-02T20:19:58.91Z&apos;
System info: host: &apos;SBR-DEVPQA-12&apos;, ip: &apos;10.182.106.119&apos;, os.name: &apos;Windows 10&apos;, os.arch: &apos;amd64&apos;, os.version: &apos;10.0&apos;, java.version: &apos;1.8.0_112&apos;
Driver info: org.openqa.selenium.chrome.ChromeDriver
Capabilities {acceptInsecureCerts: false, browserName: chrome, browserVersion: 79.0.3945.117, chrome: {chromedriverVersion: 79.0.3945.36 (3582db32b3389..., userDataDir: C:\Users\SUBHAS~1.BHA\AppDa...}, goog:chromeOptions: {debuggerAddress: localhost:52593}, javascriptEnabled: true, networkConnectionEnabled: false, pageLoadStrategy: normal, platform: WINDOWS, platformName: WINDOWS, proxy: Proxy(), setWindowRect: true, strictFileInteractability: false, timeouts: {implicit: 0, pageLoad: 300000, script: 30000}, unhandledPromptBehavior: dismiss and notify}
Session ID: cfba57b3c3a816652ca40c7310af22d7
*** Element info: {Using=xpath, value=//div[contains(@class,&apos;toast-success&apos;)]}
	at sun.reflect.NativeConstructorAccessorImpl.newInstance0(Native Method)
	at sun.reflect.NativeConstructorAccessorImpl.newInstance(NativeConstructorAccessorImpl.java:62)
	at sun.reflect.DelegatingConstructorAccessorImpl.newInstance(DelegatingConstructorAccessorImpl.java:45)
	at java.lang.reflect.Constructor.newInstance(Constructor.java:423)
	at org.openqa.selenium.remote.http.W3CHttpResponseCodec.createException(W3CHttpResponseCodec.java:187)
	at org.openqa.selenium.remote.http.W3CHttpResponseCodec.decode(W3CHttpResponseCodec.java:122)
	at org.openqa.selenium.remote.http.W3CHttpResponseCodec.decode(W3CHttpResponseCodec.java:49)
	at org.openqa.selenium.remote.HttpCommandExecutor.execute(HttpCommandExecutor.java:158)
	at org.openqa.selenium.remote.service.DriverCommandExecutor.execute(DriverCommandExecutor.java:83)
	at org.openqa.selenium.remote.RemoteWebDriver.execute(RemoteWebDriver.java:548)
	at org.openqa.selenium.remote.RemoteWebDriver.findElement(RemoteWebDriver.java:322)
	at org.openqa.selenium.remote.RemoteWebDriver.findElementByXPath(RemoteWebDriver.java:424)
	at org.openqa.selenium.By$ByXPath.findElement(By.java:353)
	at org.openqa.selenium.remote.RemoteWebDriver.findElement(RemoteWebDriver.java:314)
	at org.openqa.selenium.support.pagefactory.DefaultElementLocator.findElement(DefaultElementLocator.java:69)
	at org.openqa.selenium.support.pagefactory.internal.LocatingElementHandler.invoke(LocatingElementHandler.java:38)
	at com.sun.proxy.$Proxy23.isDisplayed(Unknown Source)
	at org.openqa.selenium.support.ui.ExpectedConditions.elementIfVisible(ExpectedConditions.java:315)
	at org.openqa.selenium.support.ui.ExpectedConditions.access$100(ExpectedConditions.java:44)
	at org.openqa.selenium.support.ui.ExpectedConditions$10.apply(ExpectedConditions.java:301)
	at org.openqa.selenium.support.ui.ExpectedConditions$10.apply(ExpectedConditions.java:298)
	at org.openqa.selenium.support.ui.FluentWait.until(FluentWait.java:260)
	... 32 more
</pre></div></td>
<td>26</td>
<td>com.cm.qa.testcases.ProfilePageTests@37d4349f</td></tr>
</table><p>
<table width='100%' border='1' class='invocation-passed'>
<tr><td colspan='4' align='center'><b>PASSED TESTS</b></td></tr>
<tr><td><b>Test method</b></td>
<td width="30%"><b>Exception</b></td>
<td width="10%"><b>Time (seconds)</b></td>
<td><b>Instance</b></td>
</tr>
<tr>
<td title='com.cm.qa.testcases.ProfilePageTests.invalidFirstNameTest()'><b>invalidFirstNameTest</b><br>Test class: com.cm.qa.testcases.ProfilePageTests<br>Parameters: Subh!</td>
<td></td>
<td>0</td>
<td>com.cm.qa.testcases.ProfilePageTests@37d4349f</td></tr>
<tr>
<td title='com.cm.qa.testcases.ProfilePageTests.invalidFirstNameTest()'><b>invalidFirstNameTest</b><br>Test class: com.cm.qa.testcases.ProfilePageTests<br>Parameters: Subh#</td>
<td></td>
<td>0</td>
<td>com.cm.qa.testcases.ProfilePageTests@37d4349f</td></tr>
<tr>
<td title='com.cm.qa.testcases.ProfilePageTests.invalidFirstNameTest()'><b>invalidFirstNameTest</b><br>Test class: com.cm.qa.testcases.ProfilePageTests<br>Parameters: Subh-ash</td>
<td></td>
<td>0</td>
<td>com.cm.qa.testcases.ProfilePageTests@37d4349f</td></tr>
<tr>
<td title='com.cm.qa.testcases.ProfilePageTests.invalidLastNameTest()'><b>invalidLastNameTest</b><br>Test class: com.cm.qa.testcases.ProfilePageTests<br>Parameters: Subh!</td>
<td></td>
<td>0</td>
<td>com.cm.qa.testcases.ProfilePageTests@37d4349f</td></tr>
<tr>
<td title='com.cm.qa.testcases.ProfilePageTests.invalidLastNameTest()'><b>invalidLastNameTest</b><br>Test class: com.cm.qa.testcases.ProfilePageTests<br>Parameters: Subh#</td>
<td></td>
<td>0</td>
<td>com.cm.qa.testcases.ProfilePageTests@37d4349f</td></tr>
<tr>
<td title='com.cm.qa.testcases.ProfilePageTests.invalidLastNameTest()'><b>invalidLastNameTest</b><br>Test class: com.cm.qa.testcases.ProfilePageTests<br>Parameters: Subh-ash</td>
<td></td>
<td>0</td>
<td>com.cm.qa.testcases.ProfilePageTests@37d4349f</td></tr>
<tr>
<td title='com.cm.qa.testcases.ProfilePageTests.updateUserNameTest()'><b>updateUserNameTest</b><br>Test class: com.cm.qa.testcases.ProfilePageTests<br>Parameters: First Name, Last Name</td>
<td></td>
<td>1</td>
<td>com.cm.qa.testcases.ProfilePageTests@37d4349f</td></tr>
<tr>
<td title='com.cm.qa.testcases.ProfilePageTests.updateUserNameTest()'><b>updateUserNameTest</b><br>Test class: com.cm.qa.testcases.ProfilePageTests<br>Parameters: Subh, Bhatewera</td>
<td></td>
<td>0</td>
<td>com.cm.qa.testcases.ProfilePageTests@37d4349f</td></tr>
<tr>
<td title='com.cm.qa.testcases.ProfilePageTests.updateUserNameTest()'><b>updateUserNameTest</b><br>Test class: com.cm.qa.testcases.ProfilePageTests<br>Parameters: Su_bh, Bha_tewera</td>
<td></td>
<td>0</td>
<td>com.cm.qa.testcases.ProfilePageTests@37d4349f</td></tr>
<tr>
<td title='com.cm.qa.testcases.ProfilePageTests.updateUserNameTest()'><b>updateUserNameTest</b><br>Test class: com.cm.qa.testcases.ProfilePageTests<br>Parameters: Subh1, Bhatewera2</td>
<td></td>
<td>0</td>
<td>com.cm.qa.testcases.ProfilePageTests@37d4349f</td></tr>
<tr>
<td title='com.cm.qa.testcases.ProfilePageTests.updateUserNameTest()'><b>updateUserNameTest</b><br>Test class: com.cm.qa.testcases.ProfilePageTests<br>Parameters: Subhash, Bhatewera</td>
<td></td>
<td>1</td>
<td>com.cm.qa.testcases.ProfilePageTests@37d4349f</td></tr>
<tr>
<td title='com.cm.qa.testcases.ContractListPageTests.validateAddContractButtonTest()'><b>validateAddContractButtonTest</b><br>Test class: com.cm.qa.testcases.ContractListPageTests</td>
<td></td>
<td>0</td>
<td>com.cm.qa.testcases.ContractListPageTests@5b03b9fe</td></tr>
<tr>
<td title='com.cm.qa.testcases.DashboardPageTests.validateContractListLinkTest()'><b>validateContractListLinkTest</b><br>Test class: com.cm.qa.testcases.DashboardPageTests</td>
<td></td>
<td>3</td>
<td>com.cm.qa.testcases.DashboardPageTests@57cf54e1</td></tr>
<tr>
<td title='com.cm.qa.testcases.DashboardPageTests.validateDocSearchLinkTest()'><b>validateDocSearchLinkTest</b><br>Test class: com.cm.qa.testcases.DashboardPageTests</td>
<td></td>
<td>0</td>
<td>com.cm.qa.testcases.DashboardPageTests@57cf54e1</td></tr>
<tr>
<td title='com.cm.qa.testcases.DashboardPageTests.validateNotificationLinkTest()'><b>validateNotificationLinkTest</b><br>Test class: com.cm.qa.testcases.DashboardPageTests</td>
<td></td>
<td>0</td>
<td>com.cm.qa.testcases.DashboardPageTests@57cf54e1</td></tr>
<tr>
<td title='com.cm.qa.testcases.DashboardPageTests.verifyLandingPageTest()'><b>verifyLandingPageTest</b><br>Test class: com.cm.qa.testcases.DashboardPageTests</td>
<td></td>
<td>3</td>
<td>com.cm.qa.testcases.DashboardPageTests@57cf54e1</td></tr>
</table><p>
</body>
</html>