<?xml version="1.0" encoding="UTF-8"?>
<!-- Generated by org.testng.reporters.JUnitXMLReporter -->
<testsuite hostname="SBR-DEVPQA-12" ignored="2" name="Regression Test Cases" tests="148" failures="14" timestamp="16 Dec 2019 11:12:04 GMT" time="2631.086" errors="0">
  <testcase name="usernameScreenCMLogoImageTest" time="0.111" classname="com.cm.qa.testcases.UsernamePageTests"/>
  <testcase name="blankUsernameTest" time="0.905" classname="com.cm.qa.testcases.UsernamePageTests"/>
  <testcase name="verifyFooterText" time="0.063" classname="com.cm.qa.testcases.UsernamePageTests"/>
  <testcase name="validUsernameTest" time="0.288" classname="com.cm.qa.testcases.UsernamePageTests"/>
  <testcase name="verifyUsernameLabelTest" time="0.135" classname="com.cm.qa.testcases.PasswordPageTests"/>
  <testcase name="blankPasswordTest" time="0.42" classname="com.cm.qa.testcases.PasswordPageTests"/>
  <testcase name="invalidPasswordTest" time="4.662" classname="com.cm.qa.testcases.PasswordPageTests"/>
  <testcase name="verifyFooterTextTest" time="0.059" classname="com.cm.qa.testcases.PasswordPageTests"/>
  <testcase name="validPasswordTest" time="2.514" classname="com.cm.qa.testcases.PasswordPageTests"/>
  <testcase name="verifyLandingPageTest" time="2.842" classname="com.cm.qa.testcases.DashboardPageTests"/>
  <testcase name="validateContractListLinkTest" time="3.704" classname="com.cm.qa.testcases.DashboardPageTests"/>
  <testcase name="validateDocSearchLinkTest" time="0.514" classname="com.cm.qa.testcases.DashboardPageTests"/>
  <testcase name="validateNotificationLinkTest" time="0.533" classname="com.cm.qa.testcases.DashboardPageTests"/>
  <testcase name="addNewCategoryTest" time="5.235" classname="com.cm.qa.testcases.GeneralInformationPageTests"/>
  <testcase name="addNewCategoryTest" time="5.714" classname="com.cm.qa.testcases.GeneralInformationPageTests"/>
  <testcase name="blankCategoryNameTest" time="5.652" classname="com.cm.qa.testcases.GeneralInformationPageTests"/>
  <testcase name="duplicateCategoryNameTest" time="8.168" classname="com.cm.qa.testcases.GeneralInformationPageTests"/>
  <testcase name="addNewSubCategoryTest" time="5.993" classname="com.cm.qa.testcases.GeneralInformationPageTests"/>
  <testcase name="addNewSubCategoryTest" time="5.53" classname="com.cm.qa.testcases.GeneralInformationPageTests"/>
  <testcase name="blankSubCategoryNamesTest" time="5.909" classname="com.cm.qa.testcases.GeneralInformationPageTests"/>
  <testcase name="duplicateSubCategoryNameTest" time="8.374" classname="com.cm.qa.testcases.GeneralInformationPageTests"/>
  <testcase name="addNewBusinessPartnerTest" time="3.16" classname="com.cm.qa.testcases.GeneralInformationPageTests"/>
  <testcase name="addNewBusinessPartnerTest" time="3.348" classname="com.cm.qa.testcases.GeneralInformationPageTests"/>
  <testcase name="addNewBusinessPartnerTest" time="3.203" classname="com.cm.qa.testcases.GeneralInformationPageTests"/>
  <testcase name="blankBusinessPartnerNameTest" time="3.658" classname="com.cm.qa.testcases.GeneralInformationPageTests"/>
  <testcase name="duplicateBusinessPartnerNameTest" time="6.051" classname="com.cm.qa.testcases.GeneralInformationPageTests"/>
  <testcase name="addNewLegalEntityTest" time="3.188" classname="com.cm.qa.testcases.GeneralInformationPageTests"/>
  <testcase name="addNewLegalEntityTest" time="3.812" classname="com.cm.qa.testcases.GeneralInformationPageTests"/>
  <testcase name="addNewLegalEntityTest" time="3.315" classname="com.cm.qa.testcases.GeneralInformationPageTests"/>
  <testcase name="blankLegalEntityNameTest" time="3.647" classname="com.cm.qa.testcases.GeneralInformationPageTests"/>
  <testcase name="duplicateLegalEntityNameTest" time="6.124" classname="com.cm.qa.testcases.GeneralInformationPageTests"/>
  <testcase name="addGeneralInformationTest" time="13.912" classname="com.cm.qa.testcases.GeneralInformationPageTests"/>
  <testcase name="addGeneralInformationTest" time="13.891" classname="com.cm.qa.testcases.GeneralInformationPageTests"/>
  <testcase name="addGeneralInformationTest" time="14.634" classname="com.cm.qa.testcases.GeneralInformationPageTests"/>
  <testcase name="addGeneralInformationTest" time="13.986" classname="com.cm.qa.testcases.GeneralInformationPageTests"/>
  <testcase name="addGeneralInformationTest" time="14.172" classname="com.cm.qa.testcases.GeneralInformationPageTests"/>
  <testcase name="addGeneralInformationTest" time="14.011" classname="com.cm.qa.testcases.GeneralInformationPageTests"/>
  <testcase name="addGeneralInformationTest" time="13.95" classname="com.cm.qa.testcases.GeneralInformationPageTests"/>
  <testcase name="addGeneralInformationTest" time="13.98" classname="com.cm.qa.testcases.GeneralInformationPageTests"/>
  <testcase name="addTermTest" time="26.852" classname="com.cm.qa.testcases.TermPageTests"/>
  <testcase name="addTermTest" time="23.513" classname="com.cm.qa.testcases.TermPageTests"/>
  <testcase name="addTermTest" time="15.763" classname="com.cm.qa.testcases.TermPageTests"/>
  <testcase name="addTermTest" time="26.731" classname="com.cm.qa.testcases.TermPageTests"/>
  <testcase name="addTermTest" time="23.38" classname="com.cm.qa.testcases.TermPageTests"/>
  <testcase name="addTermTest" time="14.844" classname="com.cm.qa.testcases.TermPageTests"/>
  <testcase name="addTermTest" time="27.132" classname="com.cm.qa.testcases.TermPageTests"/>
  <testcase name="addTermTest" time="23.59" classname="com.cm.qa.testcases.TermPageTests"/>
  <testcase name="addGeneralTermsTest" time="23.258" classname="com.cm.qa.testcases.CommercialsPageTests"/>
  <testcase name="addGeneralTermsTest" time="21.593" classname="com.cm.qa.testcases.CommercialsPageTests"/>
  <testcase name="addGeneralTermsTest" time="21.265" classname="com.cm.qa.testcases.CommercialsPageTests"/>
  <testcase name="addGeneralTermsTest" time="20.75" classname="com.cm.qa.testcases.CommercialsPageTests"/>
  <testcase name="addUOMTest" time="8.514" classname="com.cm.qa.testcases.CommercialsPageTests"/>
  <testcase name="addLinkedOpportunityTest" time="8.53" classname="com.cm.qa.testcases.CommercialsPageTests"/>
  <testcase name="addServiceTest" time="7.9" classname="com.cm.qa.testcases.CommercialsPageTests"/>
  <testcase name="addSubServiceTest" time="8.478" classname="com.cm.qa.testcases.CommercialsPageTests"/>
  <testcase name="addProjectTest" time="7.825" classname="com.cm.qa.testcases.CommercialsPageTests"/>
  <testcase name="addTransactionRateStandardTest" time="28.969" classname="com.cm.qa.testcases.CommercialsPageTests"/>
  <testcase name="addTransactionRateVolumeTest" time="35.07" classname="com.cm.qa.testcases.CommercialsPageTests">
    <failure type="java.lang.AssertionError" message="expected [Transaction Rate Volume successfully updated
Operation Complete] but found [Transaction Rate Volume updated
Operation Complete]">
      <![CDATA[java.lang.AssertionError: expected [Transaction Rate Volume successfully updated
Operation Complete] but found [Transaction Rate Volume updated
Operation Complete]
at com.cm.qa.testcases.CommercialsPageTests.addTransactionRateVolumeTest(CommercialsPageTests.java:128)
... Removed 31 stack frames]]>
    </failure>
  </testcase> <!-- addTransactionRateVolumeTest -->
  <testcase name="addTimeAndMaterialModelTest" time="31.928" classname="com.cm.qa.testcases.CommercialsPageTests">
    <failure type="java.lang.AssertionError" message="expected [Time and Material successfully updated
Operation Complete] but found [Time and Material updated
Operation Complete]">
      <![CDATA[java.lang.AssertionError: expected [Time and Material successfully updated
Operation Complete] but found [Time and Material updated
Operation Complete]
at com.cm.qa.testcases.CommercialsPageTests.addTimeAndMaterialModelTest(CommercialsPageTests.java:143)
... Removed 31 stack frames]]>
    </failure>
  </testcase> <!-- addTimeAndMaterialModelTest -->
  <testcase name="addFixedFeeTest" time="32.881" classname="com.cm.qa.testcases.CommercialsPageTests">
    <failure type="java.lang.AssertionError" message="expected [Fixed Fee successfully updated
Operation Complete] but found [Fixed Fee updated
Operation Complete]">
      <![CDATA[java.lang.AssertionError: expected [Fixed Fee successfully updated
Operation Complete] but found [Fixed Fee updated
Operation Complete]
at com.cm.qa.testcases.CommercialsPageTests.addFixedFeeTest(CommercialsPageTests.java:157)
... Removed 31 stack frames]]>
    </failure>
  </testcase> <!-- addFixedFeeTest -->
  <testcase name="addFixedFeeTest" time="23.475" classname="com.cm.qa.testcases.CommercialsPageTests">
    <failure type="java.lang.AssertionError" message="expected [Fixed Fee successfully updated
Operation Complete] but found [Fixed Fee updated
Operation Complete]">
      <![CDATA[java.lang.AssertionError: expected [Fixed Fee successfully updated
Operation Complete] but found [Fixed Fee updated
Operation Complete]
at com.cm.qa.testcases.CommercialsPageTests.addFixedFeeTest(CommercialsPageTests.java:157)
... Removed 31 stack frames]]>
    </failure>
  </testcase> <!-- addFixedFeeTest -->
  <testcase name="addMinimumBillingTest" time="31.157" classname="com.cm.qa.testcases.CommercialsPageTests">
    <failure type="java.lang.AssertionError" message="expected [Minimum Billing successfully updated
Operation Complete] but found [Minimum Billing updated
Operation Complete]">
      <![CDATA[java.lang.AssertionError: expected [Minimum Billing successfully updated
Operation Complete] but found [Minimum Billing updated
Operation Complete]
at com.cm.qa.testcases.CommercialsPageTests.addMinimumBillingTest(CommercialsPageTests.java:171)
... Removed 31 stack frames]]>
    </failure>
  </testcase> <!-- addMinimumBillingTest -->
  <testcase name="addMinimumBillingTest" time="33.744" classname="com.cm.qa.testcases.CommercialsPageTests">
    <failure type="java.lang.AssertionError" message="expected [Minimum Billing successfully updated
Operation Complete] but found [Minimum Billing updated
Operation Complete]">
      <![CDATA[java.lang.AssertionError: expected [Minimum Billing successfully updated
Operation Complete] but found [Minimum Billing updated
Operation Complete]
at com.cm.qa.testcases.CommercialsPageTests.addMinimumBillingTest(CommercialsPageTests.java:171)
... Removed 31 stack frames]]>
    </failure>
  </testcase> <!-- addMinimumBillingTest -->
  <testcase name="editTransactionRateStandardTest" time="11.066" classname="com.cm.qa.testcases.CommercialsPageTests"/>
  <testcase name="copyTransactionRateStandardTest" time="6.026" classname="com.cm.qa.testcases.CommercialsPageTests"/>
  <testcase name="deleteTransactionRateStandardTest" time="6.221" classname="com.cm.qa.testcases.CommercialsPageTests"/>
  <testcase name="editTransactionRateVolumeTest" time="14.273" classname="com.cm.qa.testcases.CommercialsPageTests">
    <failure type="java.lang.AssertionError" message="expected [Transaction Rate Volume successfully updated
Operation Complete] but found [Transaction Rate Volume updated
Operation Complete]">
      <![CDATA[java.lang.AssertionError: expected [Transaction Rate Volume successfully updated
Operation Complete] but found [Transaction Rate Volume updated
Operation Complete]
at com.cm.qa.testcases.CommercialsPageTests.editTransactionRateVolumeTest(CommercialsPageTests.java:225)
... Removed 31 stack frames]]>
    </failure>
  </testcase> <!-- editTransactionRateVolumeTest -->
  <testcase name="copyTransactionRateVolumeTest" time="6.236" classname="com.cm.qa.testcases.CommercialsPageTests"/>
  <testcase name="deleteTransactionRateVolumeTest" time="6.585" classname="com.cm.qa.testcases.CommercialsPageTests"/>
  <testcase name="editTimeAndMaterialModelTest" time="17.144" classname="com.cm.qa.testcases.CommercialsPageTests">
    <failure type="java.lang.AssertionError" message="expected [Time and Material successfully updated
Operation Complete] but found [Time and Material updated
Operation Complete]">
      <![CDATA[java.lang.AssertionError: expected [Time and Material successfully updated
Operation Complete] but found [Time and Material updated
Operation Complete]
at com.cm.qa.testcases.CommercialsPageTests.editTimeAndMaterialModelTest(CommercialsPageTests.java:264)
... Removed 31 stack frames]]>
    </failure>
  </testcase> <!-- editTimeAndMaterialModelTest -->
  <testcase name="copyTimeAndMaterialModelTest" time="6.447" classname="com.cm.qa.testcases.CommercialsPageTests"/>
  <testcase name="deleteTimeAndMaterialModelTest" time="6.223" classname="com.cm.qa.testcases.CommercialsPageTests"/>
  <testcase name="editFixedFeeTest" time="11.468" classname="com.cm.qa.testcases.CommercialsPageTests">
    <failure type="java.lang.AssertionError" message="expected [Fixed Fee successfully updated
Operation Complete] but found [Fixed Fee updated
Operation Complete]">
      <![CDATA[java.lang.AssertionError: expected [Fixed Fee successfully updated
Operation Complete] but found [Fixed Fee updated
Operation Complete]
at com.cm.qa.testcases.CommercialsPageTests.editFixedFeeTest(CommercialsPageTests.java:298)
... Removed 31 stack frames]]>
    </failure>
  </testcase> <!-- editFixedFeeTest -->
  <testcase name="copyFixedFeeTest" time="6.125" classname="com.cm.qa.testcases.CommercialsPageTests"/>
  <testcase name="deleteFixedFeeTest" time="6.313" classname="com.cm.qa.testcases.CommercialsPageTests"/>
  <testcase name="editMinimumBillingTest" time="14.29" classname="com.cm.qa.testcases.CommercialsPageTests">
    <failure type="java.lang.AssertionError" message="expected [Minimum Billing successfully updated
Operation Complete] but found [Minimum Billing updated
Operation Complete]">
      <![CDATA[java.lang.AssertionError: expected [Minimum Billing successfully updated
Operation Complete] but found [Minimum Billing updated
Operation Complete]
at com.cm.qa.testcases.CommercialsPageTests.editMinimumBillingTest(CommercialsPageTests.java:332)
... Removed 31 stack frames]]>
    </failure>
  </testcase> <!-- editMinimumBillingTest -->
  <testcase name="copyMinimumBillingTest" time="5.664" classname="com.cm.qa.testcases.CommercialsPageTests"/>
  <testcase name="deleteMinimumBillingTest" time="6.481" classname="com.cm.qa.testcases.CommercialsPageTests"/>
  <testcase name="addCOLATest" time="23.149" classname="com.cm.qa.testcases.OtherCommercialTermsPageTests"/>
  <testcase name="addCOLATest" time="23.299" classname="com.cm.qa.testcases.OtherCommercialTermsPageTests"/>
  <testcase name="addCOLATest" time="23.13" classname="com.cm.qa.testcases.OtherCommercialTermsPageTests"/>
  <testcase name="addIncentiveTest" time="25.709" classname="com.cm.qa.testcases.OtherCommercialTermsPageTests"/>
  <testcase name="addIncentiveTest" time="25.636" classname="com.cm.qa.testcases.OtherCommercialTermsPageTests"/>
  <testcase name="addIncentiveTest" time="25.708" classname="com.cm.qa.testcases.OtherCommercialTermsPageTests"/>
  <testcase name="addPenaltyTest" time="25.354" classname="com.cm.qa.testcases.OtherCommercialTermsPageTests"/>
  <testcase name="addPenaltyTest" time="26.204" classname="com.cm.qa.testcases.OtherCommercialTermsPageTests"/>
  <testcase name="addEarlyPaymentDiscountTest" time="25.832" classname="com.cm.qa.testcases.OtherCommercialTermsPageTests">
    <failure type="org.openqa.selenium.ElementClickInterceptedException" message="element click intercepted: Element &amp;lt;div class=&amp;quot;mat-radio-label-content&amp;quot;&amp;gt;...&amp;lt;/div&amp;gt; is not clickable at point (938, 629). Other element would receive the click: &amp;lt;div class=&amp;quot;cdk-overlay-backdrop cdk-overlay-transparent-backdrop cdk-overlay-backdrop-showing&amp;quot;&amp;gt;&amp;lt;/div&amp;gt;
  (Session info: chrome=78.0.3904.108)
Build info: version: &amp;apos;3.14.0&amp;apos;, revision: &amp;apos;aacccce0&amp;apos;, time: &amp;apos;2018-08-02T20:19:58.91Z&amp;apos;
System info: host: &amp;apos;SBR-DEVPQA-12&amp;apos;, ip: &amp;apos;10.182.106.119&amp;apos;, os.name: &amp;apos;Windows 10&amp;apos;, os.arch: &amp;apos;amd64&amp;apos;, os.version: &amp;apos;10.0&amp;apos;, java.version: &amp;apos;1.8.0_112&amp;apos;
Driver info: org.openqa.selenium.chrome.ChromeDriver
Capabilities {acceptInsecureCerts: false, browserName: chrome, browserVersion: 78.0.3904.108, chrome: {chromedriverVersion: 77.0.3865.40 (f484704e052e0..., userDataDir: C:\Users\SUBHAS~1.BHA\AppDa...}, goog:chromeOptions: {debuggerAddress: localhost:51755}, javascriptEnabled: true, networkConnectionEnabled: false, pageLoadStrategy: normal, platform: XP, platformName: XP, proxy: Proxy(), setWindowRect: true, strictFileInteractability: false, timeouts: {implicit: 0, pageLoad: 300000, script: 30000}, unhandledPromptBehavior: dismiss and notify}
Session ID: 85a75698662325cd3d8f59b90b27d2b4">
      <![CDATA[org.openqa.selenium.ElementClickInterceptedException: element click intercepted: Element <div class="mat-radio-label-content">...</div> is not clickable at point (938, 629). Other element would receive the click: <div class="cdk-overlay-backdrop cdk-overlay-transparent-backdrop cdk-overlay-backdrop-showing"></div>
  (Session info: chrome=78.0.3904.108)
Build info: version: '3.14.0', revision: 'aacccce0', time: '2018-08-02T20:19:58.91Z'
System info: host: 'SBR-DEVPQA-12', ip: '10.182.106.119', os.name: 'Windows 10', os.arch: 'amd64', os.version: '10.0', java.version: '1.8.0_112'
Driver info: org.openqa.selenium.chrome.ChromeDriver
Capabilities {acceptInsecureCerts: false, browserName: chrome, browserVersion: 78.0.3904.108, chrome: {chromedriverVersion: 77.0.3865.40 (f484704e052e0..., userDataDir: C:\Users\SUBHAS~1.BHA\AppDa...}, goog:chromeOptions: {debuggerAddress: localhost:51755}, javascriptEnabled: true, networkConnectionEnabled: false, pageLoadStrategy: normal, platform: XP, platformName: XP, proxy: Proxy(), setWindowRect: true, strictFileInteractability: false, timeouts: {implicit: 0, pageLoad: 300000, script: 30000}, unhandledPromptBehavior: dismiss and notify}
Session ID: 85a75698662325cd3d8f59b90b27d2b4
at org.openqa.selenium.remote.http.W3CHttpResponseCodec.createException(W3CHttpResponseCodec.java:187)
at org.openqa.selenium.remote.http.W3CHttpResponseCodec.decode(W3CHttpResponseCodec.java:122)
at org.openqa.selenium.remote.http.W3CHttpResponseCodec.decode(W3CHttpResponseCodec.java:49)
at org.openqa.selenium.remote.HttpCommandExecutor.execute(HttpCommandExecutor.java:158)
at org.openqa.selenium.remote.service.DriverCommandExecutor.execute(DriverCommandExecutor.java:83)
at org.openqa.selenium.remote.RemoteWebDriver.execute(RemoteWebDriver.java:548)
at org.openqa.selenium.remote.RemoteWebElement.execute(RemoteWebElement.java:276)
at org.openqa.selenium.remote.RemoteWebElement.click(RemoteWebElement.java:83)
at com.cm.qa.pages.OtherCommercialTermsPage.selectRadioButton(OtherCommercialTermsPage.java:244)
at com.cm.qa.pages.OtherCommercialTermsPage.fillEarlyPaymentDiscountForm(OtherCommercialTermsPage.java:286)
at com.cm.qa.testcases.OtherCommercialTermsPageTests.addEarlyPaymentDiscountTest(OtherCommercialTermsPageTests.java:77)
... Removed 29 stack frames]]>
    </failure>
  </testcase> <!-- addEarlyPaymentDiscountTest -->
  <testcase name="addEarlyPaymentDiscountTest" time="3.153" classname="com.cm.qa.testcases.OtherCommercialTermsPageTests">
    <failure type="org.openqa.selenium.ElementClickInterceptedException" message="element click intercepted: Element &amp;lt;button class=&amp;quot;sidenav-toggle-btn mat-icon-button ng-star-inserted&amp;quot; mat-icon-button=&amp;quot;&amp;quot;&amp;gt;...&amp;lt;/button&amp;gt; is not clickable at point (100, 35). Other element would receive the click: &amp;lt;div class=&amp;quot;cdk-overlay-backdrop cdk-overlay-transparent-backdrop cdk-overlay-backdrop-showing&amp;quot;&amp;gt;&amp;lt;/div&amp;gt;
  (Session info: chrome=78.0.3904.108)
Build info: version: &amp;apos;3.14.0&amp;apos;, revision: &amp;apos;aacccce0&amp;apos;, time: &amp;apos;2018-08-02T20:19:58.91Z&amp;apos;
System info: host: &amp;apos;SBR-DEVPQA-12&amp;apos;, ip: &amp;apos;10.182.106.119&amp;apos;, os.name: &amp;apos;Windows 10&amp;apos;, os.arch: &amp;apos;amd64&amp;apos;, os.version: &amp;apos;10.0&amp;apos;, java.version: &amp;apos;1.8.0_112&amp;apos;
Driver info: org.openqa.selenium.chrome.ChromeDriver
Capabilities {acceptInsecureCerts: false, browserName: chrome, browserVersion: 78.0.3904.108, chrome: {chromedriverVersion: 77.0.3865.40 (f484704e052e0..., userDataDir: C:\Users\SUBHAS~1.BHA\AppDa...}, goog:chromeOptions: {debuggerAddress: localhost:51755}, javascriptEnabled: true, networkConnectionEnabled: false, pageLoadStrategy: normal, platform: XP, platformName: XP, proxy: Proxy(), setWindowRect: true, strictFileInteractability: false, timeouts: {implicit: 0, pageLoad: 300000, script: 30000}, unhandledPromptBehavior: dismiss and notify}
Session ID: 85a75698662325cd3d8f59b90b27d2b4">
      <![CDATA[org.openqa.selenium.ElementClickInterceptedException: element click intercepted: Element <button class="sidenav-toggle-btn mat-icon-button ng-star-inserted" mat-icon-button="">...</button> is not clickable at point (100, 35). Other element would receive the click: <div class="cdk-overlay-backdrop cdk-overlay-transparent-backdrop cdk-overlay-backdrop-showing"></div>
  (Session info: chrome=78.0.3904.108)
Build info: version: '3.14.0', revision: 'aacccce0', time: '2018-08-02T20:19:58.91Z'
System info: host: 'SBR-DEVPQA-12', ip: '10.182.106.119', os.name: 'Windows 10', os.arch: 'amd64', os.version: '10.0', java.version: '1.8.0_112'
Driver info: org.openqa.selenium.chrome.ChromeDriver
Capabilities {acceptInsecureCerts: false, browserName: chrome, browserVersion: 78.0.3904.108, chrome: {chromedriverVersion: 77.0.3865.40 (f484704e052e0..., userDataDir: C:\Users\SUBHAS~1.BHA\AppDa...}, goog:chromeOptions: {debuggerAddress: localhost:51755}, javascriptEnabled: true, networkConnectionEnabled: false, pageLoadStrategy: normal, platform: XP, platformName: XP, proxy: Proxy(), setWindowRect: true, strictFileInteractability: false, timeouts: {implicit: 0, pageLoad: 300000, script: 30000}, unhandledPromptBehavior: dismiss and notify}
Session ID: 85a75698662325cd3d8f59b90b27d2b4
at org.openqa.selenium.remote.http.W3CHttpResponseCodec.createException(W3CHttpResponseCodec.java:187)
at org.openqa.selenium.remote.http.W3CHttpResponseCodec.decode(W3CHttpResponseCodec.java:122)
at org.openqa.selenium.remote.http.W3CHttpResponseCodec.decode(W3CHttpResponseCodec.java:49)
at org.openqa.selenium.remote.HttpCommandExecutor.execute(HttpCommandExecutor.java:158)
at org.openqa.selenium.remote.service.DriverCommandExecutor.execute(DriverCommandExecutor.java:83)
at org.openqa.selenium.remote.RemoteWebDriver.execute(RemoteWebDriver.java:548)
at org.openqa.selenium.remote.RemoteWebElement.execute(RemoteWebElement.java:276)
at org.openqa.selenium.remote.RemoteWebElement.click(RemoteWebElement.java:83)
at org.openqa.selenium.support.pagefactory.internal.LocatingElementHandler.invoke(LocatingElementHandler.java:51)
at com.sun.proxy.$Proxy10.click(Unknown Source)
at cm.cm.qa.base.ActionClass.clickElement(ActionClass.java:89)
at com.cm.qa.pages.DashboardPage.clickOnContractListLink(DashboardPage.java:57)
at com.cm.qa.pages.DashboardPage.gotoContractListPage(DashboardPage.java:64)
at com.cm.qa.testcases.OtherCommercialTermsPageTests.addEarlyPaymentDiscountTest(OtherCommercialTermsPageTests.java:73)
... Removed 32 stack frames]]>
    </failure>
  </testcase> <!-- addEarlyPaymentDiscountTest -->
  <testcase name="addEarlyPaymentDiscountTest" time="3.094" classname="com.cm.qa.testcases.OtherCommercialTermsPageTests">
    <failure type="org.openqa.selenium.ElementClickInterceptedException" message="element click intercepted: Element &amp;lt;button class=&amp;quot;sidenav-toggle-btn mat-icon-button ng-star-inserted&amp;quot; mat-icon-button=&amp;quot;&amp;quot;&amp;gt;...&amp;lt;/button&amp;gt; is not clickable at point (100, 35). Other element would receive the click: &amp;lt;div class=&amp;quot;cdk-overlay-backdrop cdk-overlay-transparent-backdrop cdk-overlay-backdrop-showing&amp;quot;&amp;gt;&amp;lt;/div&amp;gt;
  (Session info: chrome=78.0.3904.108)
Build info: version: &amp;apos;3.14.0&amp;apos;, revision: &amp;apos;aacccce0&amp;apos;, time: &amp;apos;2018-08-02T20:19:58.91Z&amp;apos;
System info: host: &amp;apos;SBR-DEVPQA-12&amp;apos;, ip: &amp;apos;10.182.106.119&amp;apos;, os.name: &amp;apos;Windows 10&amp;apos;, os.arch: &amp;apos;amd64&amp;apos;, os.version: &amp;apos;10.0&amp;apos;, java.version: &amp;apos;1.8.0_112&amp;apos;
Driver info: org.openqa.selenium.chrome.ChromeDriver
Capabilities {acceptInsecureCerts: false, browserName: chrome, browserVersion: 78.0.3904.108, chrome: {chromedriverVersion: 77.0.3865.40 (f484704e052e0..., userDataDir: C:\Users\SUBHAS~1.BHA\AppDa...}, goog:chromeOptions: {debuggerAddress: localhost:51755}, javascriptEnabled: true, networkConnectionEnabled: false, pageLoadStrategy: normal, platform: XP, platformName: XP, proxy: Proxy(), setWindowRect: true, strictFileInteractability: false, timeouts: {implicit: 0, pageLoad: 300000, script: 30000}, unhandledPromptBehavior: dismiss and notify}
Session ID: 85a75698662325cd3d8f59b90b27d2b4">
      <![CDATA[org.openqa.selenium.ElementClickInterceptedException: element click intercepted: Element <button class="sidenav-toggle-btn mat-icon-button ng-star-inserted" mat-icon-button="">...</button> is not clickable at point (100, 35). Other element would receive the click: <div class="cdk-overlay-backdrop cdk-overlay-transparent-backdrop cdk-overlay-backdrop-showing"></div>
  (Session info: chrome=78.0.3904.108)
Build info: version: '3.14.0', revision: 'aacccce0', time: '2018-08-02T20:19:58.91Z'
System info: host: 'SBR-DEVPQA-12', ip: '10.182.106.119', os.name: 'Windows 10', os.arch: 'amd64', os.version: '10.0', java.version: '1.8.0_112'
Driver info: org.openqa.selenium.chrome.ChromeDriver
Capabilities {acceptInsecureCerts: false, browserName: chrome, browserVersion: 78.0.3904.108, chrome: {chromedriverVersion: 77.0.3865.40 (f484704e052e0..., userDataDir: C:\Users\SUBHAS~1.BHA\AppDa...}, goog:chromeOptions: {debuggerAddress: localhost:51755}, javascriptEnabled: true, networkConnectionEnabled: false, pageLoadStrategy: normal, platform: XP, platformName: XP, proxy: Proxy(), setWindowRect: true, strictFileInteractability: false, timeouts: {implicit: 0, pageLoad: 300000, script: 30000}, unhandledPromptBehavior: dismiss and notify}
Session ID: 85a75698662325cd3d8f59b90b27d2b4
at org.openqa.selenium.remote.http.W3CHttpResponseCodec.createException(W3CHttpResponseCodec.java:187)
at org.openqa.selenium.remote.http.W3CHttpResponseCodec.decode(W3CHttpResponseCodec.java:122)
at org.openqa.selenium.remote.http.W3CHttpResponseCodec.decode(W3CHttpResponseCodec.java:49)
at org.openqa.selenium.remote.HttpCommandExecutor.execute(HttpCommandExecutor.java:158)
at org.openqa.selenium.remote.service.DriverCommandExecutor.execute(DriverCommandExecutor.java:83)
at org.openqa.selenium.remote.RemoteWebDriver.execute(RemoteWebDriver.java:548)
at org.openqa.selenium.remote.RemoteWebElement.execute(RemoteWebElement.java:276)
at org.openqa.selenium.remote.RemoteWebElement.click(RemoteWebElement.java:83)
at org.openqa.selenium.support.pagefactory.internal.LocatingElementHandler.invoke(LocatingElementHandler.java:51)
at com.sun.proxy.$Proxy10.click(Unknown Source)
at cm.cm.qa.base.ActionClass.clickElement(ActionClass.java:89)
at com.cm.qa.pages.DashboardPage.clickOnContractListLink(DashboardPage.java:57)
at com.cm.qa.pages.DashboardPage.gotoContractListPage(DashboardPage.java:64)
at com.cm.qa.testcases.OtherCommercialTermsPageTests.addEarlyPaymentDiscountTest(OtherCommercialTermsPageTests.java:73)
... Removed 32 stack frames]]>
    </failure>
  </testcase> <!-- addEarlyPaymentDiscountTest -->
  <testcase name="addLatePaymentFeeTest" time="22.515" classname="com.cm.qa.testcases.OtherCommercialTermsPageTests"/>
  <testcase name="addLatePaymentFeeTest" time="22.643" classname="com.cm.qa.testcases.OtherCommercialTermsPageTests"/>
  <testcase name="addLatePaymentFeeTest" time="22.672" classname="com.cm.qa.testcases.OtherCommercialTermsPageTests"/>
  <testcase name="addTerminationTest" time="30.326" classname="com.cm.qa.testcases.OtherCommercialTermsPageTests"/>
  <testcase name="addTerminationTest" time="30.303" classname="com.cm.qa.testcases.OtherCommercialTermsPageTests"/>
  <testcase name="addLimitationOfLiabilityTest" time="14.214" classname="com.cm.qa.testcases.OtherCommercialTermsPageTests"/>
  <testcase name="addTATTest" time="17.296" classname="com.cm.qa.testcases.SLAPageTests"/>
  <testcase name="addTATTest" time="16.817" classname="com.cm.qa.testcases.SLAPageTests"/>
  <testcase name="addTATTest" time="136.356" classname="com.cm.qa.testcases.SLAPageTests">
    <failure type="org.openqa.selenium.TimeoutException" message="Expected condition failed: waiting for visibility of Proxy element for: DefaultElementLocator &amp;apos;By.xpath: //div[contains(@class,&amp;apos;toast-success&amp;apos;)]&amp;apos; (tried for 10 second(s) with 500 milliseconds interval)">
      <![CDATA[org.openqa.selenium.TimeoutException: Expected condition failed: waiting for visibility of Proxy element for: DefaultElementLocator 'By.xpath: //div[contains(@class,'toast-success')]' (tried for 10 second(s) with 500 milliseconds interval)
at org.openqa.selenium.support.ui.WebDriverWait.timeoutException(WebDriverWait.java:113)
at org.openqa.selenium.support.ui.FluentWait.until(FluentWait.java:283)
at cm.cm.qa.base.ActionClass.customVisibleWait(ActionClass.java:26)
at com.cm.qa.utills.Utills.readSuccessMessage(Utills.java:31)
at com.cm.qa.testcases.SLAPageTests.addTATTest(SLAPageTests.java:40)
Caused by: org.openqa.selenium.NoSuchElementException: no such element: Unable to locate element: {"method":"xpath","selector":"//div[contains(@class,'toast-success')]"}
  (Session info: chrome=78.0.3904.108)
For documentation on this error, please visit: http://seleniumhq.org/exceptions/no_such_element.html
Build info: version: '3.14.0', revision: 'aacccce0', time: '2018-08-02T20:19:58.91Z'
System info: host: 'SBR-DEVPQA-12', ip: '10.182.106.119', os.name: 'Windows 10', os.arch: 'amd64', os.version: '10.0', java.version: '1.8.0_112'
Driver info: org.openqa.selenium.chrome.ChromeDriver
Capabilities {acceptInsecureCerts: false, browserName: chrome, browserVersion: 78.0.3904.108, chrome: {chromedriverVersion: 77.0.3865.40 (f484704e052e0..., userDataDir: C:\Users\SUBHAS~1.BHA\AppDa...}, goog:chromeOptions: {debuggerAddress: localhost:52126}, javascriptEnabled: true, networkConnectionEnabled: false, pageLoadStrategy: normal, platform: XP, platformName: XP, proxy: Proxy(), setWindowRect: true, strictFileInteractability: false, timeouts: {implicit: 0, pageLoad: 300000, script: 30000}, unhandledPromptBehavior: dismiss and notify}
Session ID: 73e87965bad48d3de2e8e9aa6d559dfa
*** Element info: {Using=xpath, value=//div[contains(@class,'toast-success')]}
at org.openqa.selenium.remote.http.W3CHttpResponseCodec.createException(W3CHttpResponseCodec.java:187)
at org.openqa.selenium.remote.http.W3CHttpResponseCodec.decode(W3CHttpResponseCodec.java:122)
at org.openqa.selenium.remote.http.W3CHttpResponseCodec.decode(W3CHttpResponseCodec.java:49)
at org.openqa.selenium.remote.HttpCommandExecutor.execute(HttpCommandExecutor.java:158)
at org.openqa.selenium.remote.service.DriverCommandExecutor.execute(DriverCommandExecutor.java:83)
at org.openqa.selenium.remote.RemoteWebDriver.execute(RemoteWebDriver.java:548)
at org.openqa.selenium.remote.RemoteWebDriver.findElement(RemoteWebDriver.java:322)
at org.openqa.selenium.remote.RemoteWebDriver.findElementByXPath(RemoteWebDriver.java:424)
at org.openqa.selenium.By$ByXPath.findElement(By.java:353)
at org.openqa.selenium.remote.RemoteWebDriver.findElement(RemoteWebDriver.java:314)
at org.openqa.selenium.support.pagefactory.DefaultElementLocator.findElement(DefaultElementLocator.java:69)
at org.openqa.selenium.support.pagefactory.internal.LocatingElementHandler.invoke(LocatingElementHandler.java:38)
at com.sun.proxy.$Proxy10.isDisplayed(Unknown Source)
at org.openqa.selenium.support.ui.ExpectedConditions.elementIfVisible(ExpectedConditions.java:315)
at org.openqa.selenium.support.ui.ExpectedConditions.access$100(ExpectedConditions.java:44)
at org.openqa.selenium.support.ui.ExpectedConditions$10.apply(ExpectedConditions.java:301)
at org.openqa.selenium.support.ui.ExpectedConditions$10.apply(ExpectedConditions.java:298)
at org.openqa.selenium.support.ui.FluentWait.until(FluentWait.java:260)
... 28 more
... Removed 29 stack frames]]>
    </failure>
  </testcase> <!-- addTATTest -->
  <testcase name="addQualityTest" time="21.315" classname="com.cm.qa.testcases.SLAPageTests"/>
  <testcase name="addQualityTest" time="20.252" classname="com.cm.qa.testcases.SLAPageTests"/>
  <testcase name="addUptimeTest" time="15.419" classname="com.cm.qa.testcases.SLAPageTests"/>
  <testcase name="addUptimeTest" time="15.704" classname="com.cm.qa.testcases.SLAPageTests"/>
  <testcase name="verifyInvalidPersonNameTest" time="10.413" classname="com.cm.qa.testcases.ContactPersonsPageTests"/>
  <testcase name="verifyInvalidPersonNameTest" time="9.681" classname="com.cm.qa.testcases.ContactPersonsPageTests"/>
  <testcase name="verifyInvalidPersonNameTest" time="9.546" classname="com.cm.qa.testcases.ContactPersonsPageTests"/>
  <testcase name="verifyInvalidPersonNameTest" time="9.697" classname="com.cm.qa.testcases.ContactPersonsPageTests"/>
  <testcase name="verifyInvalidEmailTest" time="9.967" classname="com.cm.qa.testcases.ContactPersonsPageTests"/>
  <testcase name="verifyInvalidEmailTest" time="9.758" classname="com.cm.qa.testcases.ContactPersonsPageTests"/>
  <testcase name="verifyInvalidEmailTest" time="9.938" classname="com.cm.qa.testcases.ContactPersonsPageTests"/>
  <testcase name="verifyInvalidEmailTest" time="9.747" classname="com.cm.qa.testcases.ContactPersonsPageTests"/>
  <testcase name="verifyInvalidPhoneNumberTest" time="12.263" classname="com.cm.qa.testcases.ContactPersonsPageTests"/>
  <testcase name="verifyInvalidPhoneNumberTest" time="12.378" classname="com.cm.qa.testcases.ContactPersonsPageTests"/>
  <testcase name="verifyInvalidPhoneNumberTest" time="12.101" classname="com.cm.qa.testcases.ContactPersonsPageTests"/>
  <testcase name="verifyInvalidPhoneNumberTest" time="12.545" classname="com.cm.qa.testcases.ContactPersonsPageTests"/>
  <testcase name="addNewFunctionTest" time="12.294" classname="com.cm.qa.testcases.ContactPersonsPageTests"/>
  <testcase name="duplicateFunctionNameTest" time="13.448" classname="com.cm.qa.testcases.ContactPersonsPageTests"/>
  <testcase name="blankFunctionNameTest" time="13.453" classname="com.cm.qa.testcases.ContactPersonsPageTests"/>
  <testcase name="addContactPersonsTest" time="20.38" classname="com.cm.qa.testcases.ContactPersonsPageTests"/>
  <testcase name="addContactPersonsTest" time="18.571" classname="com.cm.qa.testcases.ContactPersonsPageTests"/>
  <testcase name="addContactPersonsTest" time="29.12" classname="com.cm.qa.testcases.ContactPersonsPageTests"/>
  <testcase name="addContactPersonsTest" time="16.531" classname="com.cm.qa.testcases.ContactPersonsPageTests"/>
  <testcase name="addContactPersonsTest" time="15.438" classname="com.cm.qa.testcases.ContactPersonsPageTests"/>
  <testcase name="editContactPersonTest" time="17.244" classname="com.cm.qa.testcases.ContactPersonsPageTests"/>
  <testcase name="deleteContactPersonTest" time="9.125" classname="com.cm.qa.testcases.ContactPersonsPageTests"/>
  <testcase name="addDocument" time="30.532" classname="com.cm.qa.testcases.DocumentsPageTests"/>
  <testcase name="addDocument" time="28.616" classname="com.cm.qa.testcases.DocumentsPageTests"/>
  <testcase name="addDocument" time="28.944" classname="com.cm.qa.testcases.DocumentsPageTests"/>
  <testcase name="addDocument" time="29.653" classname="com.cm.qa.testcases.DocumentsPageTests"/>
  <testcase name="addDocument" time="27.967" classname="com.cm.qa.testcases.DocumentsPageTests"/>
  <testcase name="addDocument" time="29.158" classname="com.cm.qa.testcases.DocumentsPageTests"/>
  <testcase name="addDocument" time="29.734" classname="com.cm.qa.testcases.DocumentsPageTests"/>
  <testcase name="addDocument" time="29.762" classname="com.cm.qa.testcases.DocumentsPageTests"/>
  <testcase name="addSimpleNotificationTest" time="12.769" classname="com.cm.qa.testcases.NotificationPageTests"/>
  <testcase name="addSimpleNotificationTest" time="13.287" classname="com.cm.qa.testcases.NotificationPageTests"/>
  <testcase name="addSimpleNotificationTest" time="12.635" classname="com.cm.qa.testcases.NotificationPageTests"/>
  <testcase name="addSimpleNotificationTest" time="13.355" classname="com.cm.qa.testcases.NotificationPageTests"/>
  <testcase name="addSimpleNotificationTest" time="13.412" classname="com.cm.qa.testcases.NotificationPageTests"/>
  <testcase name="addSimpleNotificationTest" time="13.434" classname="com.cm.qa.testcases.NotificationPageTests"/>
  <testcase name="addSimpleNotificationTest" time="12.971" classname="com.cm.qa.testcases.NotificationPageTests"/>
  <testcase name="addSimpleNotificationTest" time="13.172" classname="com.cm.qa.testcases.NotificationPageTests"/>
  <testcase name="addSimpleNotificationTest" time="13.465" classname="com.cm.qa.testcases.NotificationPageTests"/>
  <testcase name="addSimpleNotificationTest" time="13.139" classname="com.cm.qa.testcases.NotificationPageTests"/>
  <testcase name="addSimpleNotificationTest" time="13.693" classname="com.cm.qa.testcases.NotificationPageTests"/>
  <testcase name="addSimpleNotificationTest" time="13.644" classname="com.cm.qa.testcases.NotificationPageTests"/>
  <testcase name="addSimpleNotificationTest" time="13.866" classname="com.cm.qa.testcases.NotificationPageTests"/>
  <testcase name="addSimpleNotificationTest" time="13.219" classname="com.cm.qa.testcases.NotificationPageTests"/>
  <testcase name="addSimpleNotificationTest" time="13.218" classname="com.cm.qa.testcases.NotificationPageTests"/>
  <testcase name="addSimpleNotificationTest" time="13.252" classname="com.cm.qa.testcases.NotificationPageTests"/>
  <testcase name="editSimpleNotificationTest" time="0.0" classname="com.cm.qa.testcases.NotificationPageTests">
    <ignored/>
  </testcase> <!-- editSimpleNotificationTest -->
  <testcase name="deleteNotificationTest" time="0.0" classname="com.cm.qa.testcases.NotificationPageTests">
    <ignored/>
  </testcase> <!-- deleteNotificationTest -->
</testsuite> <!-- Regression Test Cases -->
