<!DOCTYPE html PUBLIC "-//W3C//DTD XHTML 1.1//EN" "http://www.w3.org/TR/xhtml11/DTD/xhtml11.dtd">
<html xmlns="http://www.w3.org/1999/xhtml">
<head>
<meta http-equiv="content-type" content="text/html; charset=UTF-8"/>
<title>TestNG Report</title>
<style type="text/css">table {margin-bottom:10px;border-collapse:collapse;empty-cells:show}th,td {border:1px solid #009;padding:.25em .5em}th {vertical-align:bottom}td {vertical-align:top}table a {font-weight:bold}.stripe td {background-color: #E6EBF9}.num {text-align:right}.passedodd td {background-color: #3F3}.passedeven td {background-color: #0A0}.skippedodd td {background-color: #DDD}.skippedeven td {background-color: #CCC}.failedodd td,.attn {background-color: #F33}.failedeven td,.stripe .attn {background-color: #D00}.stacktrace {white-space:pre;font-family:monospace}.totop {font-size:85%;text-align:center;border-bottom:2px solid #000}.invisible {display:none}</style>
</head>
<body>
<table>
<tr><th>Test</th><th># Passed</th><th># Skipped</th><th># Failed</th><th>Time (ms)</th><th>Included Groups</th><th>Excluded Groups</th></tr>
<tr><th colspan="7">Exela Contract Management Automation Suite</th></tr>
<tr><td><a href="#t0">Login Tests</a></td><td class="num">9</td><td class="num">0</td><td class="num">0</td><td class="num">283,360</td><td></td><td></td></tr>
<tr class="stripe"><td><a href="#t1">Dashboard Tests</a></td><td class="num">16</td><td class="num">0</td><td class="num attn">1</td><td class="num">374,436</td><td></td><td></td></tr>
<tr><th>Total</th><th class="num">25</th><th class="num">0</th><th class="num attn">1</th><th class="num">657,796</th><th colspan="2"></th></tr>
</table>
<table id='summary'><thead><tr><th>Class</th><th>Method</th><th>Start</th><th>Time (ms)</th></tr></thead><tbody><tr><th colspan="4">Exela Contract Management Automation Suite</th></tr></tbody><tbody id="t0"><tr><th colspan="4">Login Tests &#8212; passed</th></tr><tr class="passedeven"><td rowspan="5">com.cm.qa.testcases.PasswordPageTests</td><td><a href="#m0">blankPasswordTest</a></td><td rowspan="1">1579681724288</td><td rowspan="1">489</td></tr><tr class="passedeven"><td><a href="#m1">invalidPasswordTest</a></td><td rowspan="1">1579681724778</td><td rowspan="1">5333</td></tr><tr class="passedeven"><td><a href="#m2">validPasswordTest</a></td><td rowspan="1">1579681730172</td><td rowspan="1">2637</td></tr><tr class="passedeven"><td><a href="#m3">verifyPasswordScreenFooterTextTest</a></td><td rowspan="1">1579681730111</td><td rowspan="1">61</td></tr><tr class="passedeven"><td><a href="#m4">verifyUsernameLabelTest</a></td><td rowspan="1">1579681724214</td><td rowspan="1">74</td></tr><tr class="passedodd"><td rowspan="4">com.cm.qa.testcases.UsernamePageTests</td><td><a href="#m5">blankUsernameTest</a></td><td rowspan="1">1579681578844</td><td rowspan="1">5317</td></tr><tr class="passedodd"><td><a href="#m6">usernameScreenCMLogoImageTest</a></td><td rowspan="1">1579681578765</td><td rowspan="1">78</td></tr><tr class="passedodd"><td><a href="#m7">validUsernameTest</a></td><td rowspan="1">1579681584219</td><td rowspan="1">4998</td></tr><tr class="passedodd"><td><a href="#m8">verifyUserNameScreenFooterText</a></td><td rowspan="1">1579681584162</td><td rowspan="1">57</td></tr></tbody>
<tbody id="t1"><tr><th colspan="4">Dashboard Tests &#8212; failed</th></tr><tr class="failedeven"><td rowspan="1">com.cm.qa.testcases.ProfilePageTests</td><td><a href="#m9">updateProfilePicture</a></td><td rowspan="1">1579682075219</td><td rowspan="1">26621</td></tr><tr><th colspan="4">Dashboard Tests &#8212; passed</th></tr><tr class="passedeven"><td rowspan="1">com.cm.qa.testcases.ContractListPageTests</td><td><a href="#m10">validateAddContractButtonTest</a></td><td rowspan="1">1579682056985</td><td rowspan="1">279</td></tr><tr class="passedodd"><td rowspan="4">com.cm.qa.testcases.DashboardPageTests</td><td><a href="#m11">validateContractListLinkTest</a></td><td rowspan="1">1579681901822</td><td rowspan="1">3517</td></tr><tr class="passedodd"><td><a href="#m12">validateDocSearchLinkTest</a></td><td rowspan="1">1579681905339</td><td rowspan="1">457</td></tr><tr class="passedodd"><td><a href="#m13">validateNotificationLinkTest</a></td><td rowspan="1">1579681905796</td><td rowspan="1">550</td></tr><tr class="passedodd"><td><a href="#m14">verifyLandingPageTest</a></td><td rowspan="1">1579681898460</td><td rowspan="1">3361</td></tr><tr class="passedeven"><td rowspan="11">com.cm.qa.testcases.ProfilePageTests</td><td><a href="#m15">invalidFirstNameTest</a></td><td rowspan="3">1579682103413</td><td rowspan="3">377</td></tr><tr class="passedeven"><td><a href="#m16">invalidFirstNameTest</a></td></tr><tr class="passedeven"><td><a href="#m17">invalidFirstNameTest</a></td></tr><tr class="passedeven"><td><a href="#m18">invalidLastNameTest</a></td><td rowspan="3">1579682104569</td><td rowspan="3">332</td></tr><tr class="passedeven"><td><a href="#m19">invalidLastNameTest</a></td></tr><tr class="passedeven"><td><a href="#m20">invalidLastNameTest</a></td></tr><tr class="passedeven"><td><a href="#m21">updateUserNameTest</a></td><td rowspan="5">1579682109105</td><td rowspan="5">965</td></tr><tr class="passedeven"><td><a href="#m22">updateUserNameTest</a></td></tr><tr class="passedeven"><td><a href="#m23">updateUserNameTest</a></td></tr><tr class="passedeven"><td><a href="#m24">updateUserNameTest</a></td></tr><tr class="passedeven"><td><a href="#m25">updateUserNameTest</a></td></tr></tbody>
</table>
<h2>Login Tests</h2><h3 id="m0">com.cm.qa.testcases.PasswordPageTests#blankPasswordTest</h3><table class="result"><tr><th class="invisible"/></tr></table><p class="totop"><a href="#summary">back to summary</a></p>
<h3 id="m1">com.cm.qa.testcases.PasswordPageTests#invalidPasswordTest</h3><table class="result"><tr><th class="invisible"/></tr></table><p class="totop"><a href="#summary">back to summary</a></p>
<h3 id="m2">com.cm.qa.testcases.PasswordPageTests#validPasswordTest</h3><table class="result"><tr><th class="invisible"/></tr></table><p class="totop"><a href="#summary">back to summary</a></p>
<h3 id="m3">com.cm.qa.testcases.PasswordPageTests#verifyPasswordScreenFooterTextTest</h3><table class="result"><tr><th class="invisible"/></tr></table><p class="totop"><a href="#summary">back to summary</a></p>
<h3 id="m4">com.cm.qa.testcases.PasswordPageTests#verifyUsernameLabelTest</h3><table class="result"><tr><th class="invisible"/></tr></table><p class="totop"><a href="#summary">back to summary</a></p>
<h3 id="m5">com.cm.qa.testcases.UsernamePageTests#blankUsernameTest</h3><table class="result"><tr><th class="invisible"/></tr></table><p class="totop"><a href="#summary">back to summary</a></p>
<h3 id="m6">com.cm.qa.testcases.UsernamePageTests#usernameScreenCMLogoImageTest</h3><table class="result"><tr><th class="invisible"/></tr></table><p class="totop"><a href="#summary">back to summary</a></p>
<h3 id="m7">com.cm.qa.testcases.UsernamePageTests#validUsernameTest</h3><table class="result"><tr><th class="invisible"/></tr></table><p class="totop"><a href="#summary">back to summary</a></p>
<h3 id="m8">com.cm.qa.testcases.UsernamePageTests#verifyUserNameScreenFooterText</h3><table class="result"><tr><th class="invisible"/></tr></table><p class="totop"><a href="#summary">back to summary</a></p>
<h2>Dashboard Tests</h2><h3 id="m9">com.cm.qa.testcases.ProfilePageTests#updateProfilePicture</h3><table class="result"><tr><th>Exception</th></tr><tr><td><div class="stacktrace">org.openqa.selenium.TimeoutException: Expected condition failed: waiting for visibility of Proxy element for: DefaultElementLocator &apos;By.xpath: //div[contains(@class,&apos;toast-success&apos;)]&apos; (tried for 10 second(s) with 500 milliseconds interval)
	at org.openqa.selenium.support.ui.WebDriverWait.timeoutException(WebDriverWait.java:113)
	at org.openqa.selenium.support.ui.FluentWait.until(FluentWait.java:283)
	at cm.cm.qa.base.ActionClass.customVisibleWait(ActionClass.java:26)
	at com.cm.qa.utills.Utills.readSuccessMessage(Utills.java:31)
	at com.cm.qa.testcases.ProfilePageTests.updateProfilePicture(ProfilePageTests.java:37)
Caused by: org.openqa.selenium.NoSuchElementException: no such element: Unable to locate element: {&quot;method&quot;:&quot;xpath&quot;,&quot;selector&quot;:&quot;//div[contains(@class,&apos;toast-success&apos;)]&quot;}
  (Session info: chrome=79.0.3945.117)
For documentation on this error, please visit: http://seleniumhq.org/exceptions/no_such_element.html
Build info: version: &apos;3.14.0&apos;, revision: &apos;aacccce0&apos;, time: &apos;2018-08-02T20:19:58.91Z&apos;
System info: host: &apos;SBR-DEVPQA-12&apos;, ip: &apos;10.182.106.119&apos;, os.name: &apos;Windows 10&apos;, os.arch: &apos;amd64&apos;, os.version: &apos;10.0&apos;, java.version: &apos;1.8.0_112&apos;
Driver info: org.openqa.selenium.chrome.ChromeDriver
Capabilities {acceptInsecureCerts: false, browserName: chrome, browserVersion: 79.0.3945.117, chrome: {chromedriverVersion: 79.0.3945.36 (3582db32b3389..., userDataDir: C:\Users\SUBHAS~1.BHA\AppDa...}, goog:chromeOptions: {debuggerAddress: localhost:52593}, javascriptEnabled: true, networkConnectionEnabled: false, pageLoadStrategy: normal, platform: WINDOWS, platformName: WINDOWS, proxy: Proxy(), setWindowRect: true, strictFileInteractability: false, timeouts: {implicit: 0, pageLoad: 300000, script: 30000}, unhandledPromptBehavior: dismiss and notify}
Session ID: cfba57b3c3a816652ca40c7310af22d7
*** Element info: {Using=xpath, value=//div[contains(@class,&apos;toast-success&apos;)]}
	at org.openqa.selenium.remote.http.W3CHttpResponseCodec.createException(W3CHttpResponseCodec.java:187)
	at org.openqa.selenium.remote.http.W3CHttpResponseCodec.decode(W3CHttpResponseCodec.java:122)
	at org.openqa.selenium.remote.http.W3CHttpResponseCodec.decode(W3CHttpResponseCodec.java:49)
	at org.openqa.selenium.remote.HttpCommandExecutor.execute(HttpCommandExecutor.java:158)
	at org.openqa.selenium.remote.service.DriverCommandExecutor.execute(DriverCommandExecutor.java:83)
	at org.openqa.selenium.remote.RemoteWebDriver.execute(RemoteWebDriver.java:548)
	at org.openqa.selenium.remote.RemoteWebDriver.findElement(RemoteWebDriver.java:322)
	at org.openqa.selenium.remote.RemoteWebDriver.findElementByXPath(RemoteWebDriver.java:424)
	at org.openqa.selenium.By$ByXPath.findElement(By.java:353)
	at org.openqa.selenium.remote.RemoteWebDriver.findElement(RemoteWebDriver.java:314)
	at org.openqa.selenium.support.pagefactory.DefaultElementLocator.findElement(DefaultElementLocator.java:69)
	at org.openqa.selenium.support.pagefactory.internal.LocatingElementHandler.invoke(LocatingElementHandler.java:38)
	at com.sun.proxy.$Proxy23.isDisplayed(Unknown Source)
	at org.openqa.selenium.support.ui.ExpectedConditions.elementIfVisible(ExpectedConditions.java:315)
	at org.openqa.selenium.support.ui.ExpectedConditions.access$100(ExpectedConditions.java:44)
	at org.openqa.selenium.support.ui.ExpectedConditions$10.apply(ExpectedConditions.java:301)
	at org.openqa.selenium.support.ui.ExpectedConditions$10.apply(ExpectedConditions.java:298)
	at org.openqa.selenium.support.ui.FluentWait.until(FluentWait.java:260)
	... 32 more
... Removed 33 stack frames</div></td></tr></table><p class="totop"><a href="#summary">back to summary</a></p>
<h3 id="m10">com.cm.qa.testcases.ContractListPageTests#validateAddContractButtonTest</h3><table class="result"><tr><th class="invisible"/></tr></table><p class="totop"><a href="#summary">back to summary</a></p>
<h3 id="m11">com.cm.qa.testcases.DashboardPageTests#validateContractListLinkTest</h3><table class="result"><tr><th class="invisible"/></tr></table><p class="totop"><a href="#summary">back to summary</a></p>
<h3 id="m12">com.cm.qa.testcases.DashboardPageTests#validateDocSearchLinkTest</h3><table class="result"><tr><th class="invisible"/></tr></table><p class="totop"><a href="#summary">back to summary</a></p>
<h3 id="m13">com.cm.qa.testcases.DashboardPageTests#validateNotificationLinkTest</h3><table class="result"><tr><th class="invisible"/></tr></table><p class="totop"><a href="#summary">back to summary</a></p>
<h3 id="m14">com.cm.qa.testcases.DashboardPageTests#verifyLandingPageTest</h3><table class="result"><tr><th class="invisible"/></tr></table><p class="totop"><a href="#summary">back to summary</a></p>
<h3 id="m15">com.cm.qa.testcases.ProfilePageTests#invalidFirstNameTest</h3><table class="result"><tr class="param"><th>Parameter #1</th></tr><tr class="param stripe"><td>Subh#</td></tr></table><p class="totop"><a href="#summary">back to summary</a></p>
<h3 id="m16">com.cm.qa.testcases.ProfilePageTests#invalidFirstNameTest</h3><table class="result"><tr class="param"><th>Parameter #1</th></tr><tr class="param stripe"><td>Subh-ash</td></tr></table><p class="totop"><a href="#summary">back to summary</a></p>
<h3 id="m17">com.cm.qa.testcases.ProfilePageTests#invalidFirstNameTest</h3><table class="result"><tr class="param"><th>Parameter #1</th></tr><tr class="param stripe"><td>Subh!</td></tr></table><p class="totop"><a href="#summary">back to summary</a></p>
<h3 id="m18">com.cm.qa.testcases.ProfilePageTests#invalidLastNameTest</h3><table class="result"><tr class="param"><th>Parameter #1</th></tr><tr class="param stripe"><td>Subh#</td></tr></table><p class="totop"><a href="#summary">back to summary</a></p>
<h3 id="m19">com.cm.qa.testcases.ProfilePageTests#invalidLastNameTest</h3><table class="result"><tr class="param"><th>Parameter #1</th></tr><tr class="param stripe"><td>Subh!</td></tr></table><p class="totop"><a href="#summary">back to summary</a></p>
<h3 id="m20">com.cm.qa.testcases.ProfilePageTests#invalidLastNameTest</h3><table class="result"><tr class="param"><th>Parameter #1</th></tr><tr class="param stripe"><td>Subh-ash</td></tr></table><p class="totop"><a href="#summary">back to summary</a></p>
<h3 id="m21">com.cm.qa.testcases.ProfilePageTests#updateUserNameTest</h3><table class="result"><tr class="param"><th>Parameter #1</th><th>Parameter #2</th></tr><tr class="param stripe"><td>Subh1</td><td>Bhatewera2</td></tr></table><p class="totop"><a href="#summary">back to summary</a></p>
<h3 id="m22">com.cm.qa.testcases.ProfilePageTests#updateUserNameTest</h3><table class="result"><tr class="param"><th>Parameter #1</th><th>Parameter #2</th></tr><tr class="param stripe"><td>Su_bh</td><td>Bha_tewera</td></tr></table><p class="totop"><a href="#summary">back to summary</a></p>
<h3 id="m23">com.cm.qa.testcases.ProfilePageTests#updateUserNameTest</h3><table class="result"><tr class="param"><th>Parameter #1</th><th>Parameter #2</th></tr><tr class="param stripe"><td>Subhash</td><td>Bhatewera</td></tr></table><p class="totop"><a href="#summary">back to summary</a></p>
<h3 id="m24">com.cm.qa.testcases.ProfilePageTests#updateUserNameTest</h3><table class="result"><tr class="param"><th>Parameter #1</th><th>Parameter #2</th></tr><tr class="param stripe"><td>Subh</td><td>Bhatewera</td></tr></table><p class="totop"><a href="#summary">back to summary</a></p>
<h3 id="m25">com.cm.qa.testcases.ProfilePageTests#updateUserNameTest</h3><table class="result"><tr class="param"><th>Parameter #1</th><th>Parameter #2</th></tr><tr class="param stripe"><td>First Name</td><td>Last Name</td></tr></table><p class="totop"><a href="#summary">back to summary</a></p>
</body>
</html>
