<?xml version="1.0" encoding="UTF-8"?>
<testsuite xmlns:xsi="http://www.w3.org/2001/XMLSchema-instance" xsi:noNamespaceSchemaLocation="https://maven.apache.org/surefire/maven-surefire-plugin/xsd/surefire-test-report-3.0.xsd" version="3.0" name="TestSuite" time="659.267" tests="26" errors="0" skipped="0" failures="1">
  <properties>
    <property name="sun.desktop" value="windows"/>
    <property name="awt.toolkit" value="sun.awt.windows.WToolkit"/>
    <property name="java.specification.version" value="1.8"/>
    <property name="file.encoding.pkg" value="sun.io"/>
    <property name="webdriver.chrome.driver" value="C:\Users\subhash.bhatewera\.jenkins\ECM/driver/chrome/chromedriver.exe"/>
    <property name="sun.cpu.isalist" value="amd64"/>
    <property name="sun.jnu.encoding" value="Cp1252"/>
    <property name="java.class.path" value="C:\Users\subhash.bhatewera\.jenkins\ECM\target\test-classes;C:\Users\subhash.bhatewera\.jenkins\ECM\target\classes;C:\Users\subhash.bhatewera\.m2\repository\org\seleniumhq\selenium\selenium-java\3.14.0\selenium-java-3.14.0.jar;C:\Users\subhash.bhatewera\.m2\repository\org\seleniumhq\selenium\selenium-api\3.14.0\selenium-api-3.14.0.jar;C:\Users\subhash.bhatewera\.m2\repository\org\seleniumhq\selenium\selenium-chrome-driver\3.14.0\selenium-chrome-driver-3.14.0.jar;C:\Users\subhash.bhatewera\.m2\repository\org\seleniumhq\selenium\selenium-edge-driver\3.14.0\selenium-edge-driver-3.14.0.jar;C:\Users\subhash.bhatewera\.m2\repository\org\seleniumhq\selenium\selenium-firefox-driver\3.14.0\selenium-firefox-driver-3.14.0.jar;C:\Users\subhash.bhatewera\.m2\repository\org\seleniumhq\selenium\selenium-ie-driver\3.14.0\selenium-ie-driver-3.14.0.jar;C:\Users\subhash.bhatewera\.m2\repository\org\seleniumhq\selenium\selenium-opera-driver\3.14.0\selenium-opera-driver-3.14.0.jar;C:\Users\subhash.bhatewera\.m2\repository\org\seleniumhq\selenium\selenium-remote-driver\3.14.0\selenium-remote-driver-3.14.0.jar;C:\Users\subhash.bhatewera\.m2\repository\org\seleniumhq\selenium\selenium-safari-driver\3.14.0\selenium-safari-driver-3.14.0.jar;C:\Users\subhash.bhatewera\.m2\repository\org\seleniumhq\selenium\selenium-support\3.14.0\selenium-support-3.14.0.jar;C:\Users\subhash.bhatewera\.m2\repository\net\bytebuddy\byte-buddy\1.8.15\byte-buddy-1.8.15.jar;C:\Users\subhash.bhatewera\.m2\repository\org\apache\commons\commons-exec\1.3\commons-exec-1.3.jar;C:\Users\subhash.bhatewera\.m2\repository\commons-codec\commons-codec\1.10\commons-codec-1.10.jar;C:\Users\subhash.bhatewera\.m2\repository\commons-logging\commons-logging\1.2\commons-logging-1.2.jar;C:\Users\subhash.bhatewera\.m2\repository\org\apache\httpcomponents\httpclient\4.5.5\httpclient-4.5.5.jar;C:\Users\subhash.bhatewera\.m2\repository\org\apache\httpcomponents\httpcore\4.4.9\httpcore-4.4.9.jar;C:\Users\subhash.bhatewera\.m2\repository\com\squareup\okhttp3\okhttp\3.10.0\okhttp-3.10.0.jar;C:\Users\subhash.bhatewera\.m2\repository\com\squareup\okio\okio\1.14.1\okio-1.14.1.jar;C:\Users\subhash.bhatewera\.m2\repository\org\testng\testng\6.14.3\testng-6.14.3.jar;C:\Users\subhash.bhatewera\.m2\repository\com\beust\jcommander\1.72\jcommander-1.72.jar;C:\Users\subhash.bhatewera\.m2\repository\org\apache-extras\beanshell\bsh\2.0b6\bsh-2.0b6.jar;C:\Users\subhash.bhatewera\.m2\repository\org\apache\poi\poi\4.1.0\poi-4.1.0.jar;C:\Users\subhash.bhatewera\.m2\repository\org\apache\commons\commons-collections4\4.3\commons-collections4-4.3.jar;C:\Users\subhash.bhatewera\.m2\repository\org\apache\commons\commons-math3\3.6.1\commons-math3-3.6.1.jar;C:\Users\subhash.bhatewera\.m2\repository\org\apache\poi\poi-ooxml\4.1.0\poi-ooxml-4.1.0.jar;C:\Users\subhash.bhatewera\.m2\repository\org\apache\poi\poi-ooxml-schemas\4.1.0\poi-ooxml-schemas-4.1.0.jar;C:\Users\subhash.bhatewera\.m2\repository\org\apache\xmlbeans\xmlbeans\3.1.0\xmlbeans-3.1.0.jar;C:\Users\subhash.bhatewera\.m2\repository\org\apache\commons\commons-compress\1.18\commons-compress-1.18.jar;C:\Users\subhash.bhatewera\.m2\repository\com\github\virtuald\curvesapi\1.06\curvesapi-1.06.jar;C:\Users\subhash.bhatewera\.m2\repository\com\google\guava\guava\27.1-jre\guava-27.1-jre.jar;C:\Users\subhash.bhatewera\.m2\repository\com\google\guava\failureaccess\1.0.1\failureaccess-1.0.1.jar;C:\Users\subhash.bhatewera\.m2\repository\com\google\guava\listenablefuture\9999.0-empty-to-avoid-conflict-with-guava\listenablefuture-9999.0-empty-to-avoid-conflict-with-guava.jar;C:\Users\subhash.bhatewera\.m2\repository\com\google\code\findbugs\jsr305\3.0.2\jsr305-3.0.2.jar;C:\Users\subhash.bhatewera\.m2\repository\org\checkerframework\checker-qual\2.5.2\checker-qual-2.5.2.jar;C:\Users\subhash.bhatewera\.m2\repository\com\google\errorprone\error_prone_annotations\2.2.0\error_prone_annotations-2.2.0.jar;C:\Users\subhash.bhatewera\.m2\repository\com\google\j2objc\j2objc-annotations\1.1\j2objc-annotations-1.1.jar;C:\Users\subhash.bhatewera\.m2\repository\org\codehaus\mojo\animal-sniffer-annotations\1.17\animal-sniffer-annotations-1.17.jar;C:\Users\subhash.bhatewera\.m2\repository\com\relevantcodes\extentreports\2.41.2\extentreports-2.41.2.jar;C:\Users\subhash.bhatewera\.m2\repository\org\jsoup\jsoup\1.8.3\jsoup-1.8.3.jar;C:\Users\subhash.bhatewera\.m2\repository\org\xerial\sqlite-jdbc\3.8.11.1\sqlite-jdbc-3.8.11.1.jar;C:\Users\subhash.bhatewera\.m2\repository\org\freemarker\freemarker\2.3.23\freemarker-2.3.23.jar;C:\Users\subhash.bhatewera\.m2\repository\org\mongodb\mongodb-driver\3.0.4\mongodb-driver-3.0.4.jar;C:\Users\subhash.bhatewera\.m2\repository\org\mongodb\bson\3.0.4\bson-3.0.4.jar;C:\Users\subhash.bhatewera\.m2\repository\org\mongodb\mongodb-driver-core\3.0.4\mongodb-driver-core-3.0.4.jar;C:\Users\subhash.bhatewera\.m2\repository\commons-io\commons-io\2.1\commons-io-2.1.jar;C:\Users\subhash.bhatewera\.m2\repository\org\apache\logging\log4j\log4j-api\2.13.0\log4j-api-2.13.0.jar;C:\Users\subhash.bhatewera\.m2\repository\org\apache\logging\log4j\log4j-core\2.13.0\log4j-core-2.13.0.jar;"/>
    <property name="sun.awt.enableExtraMouseButtons" value="true"/>
    <property name="java.vm.vendor" value="Oracle Corporation"/>
    <property name="sun.arch.data.model" value="64"/>
    <property name="user.variant" value=""/>
    <property name="java.vendor.url" value="http://java.oracle.com/"/>
    <property name="user.timezone" value="Asia/Calcutta"/>
    <property name="org.apache.logging.log4j.assignedSequences" value="1577"/>
    <property name="java.vm.specification.version" value="1.8"/>
    <property name="os.name" value="Windows 10"/>
    <property name="user.country" value="US"/>
    <property name="sun.java.launcher" value="SUN_STANDARD"/>
    <property name="sun.boot.library.path" value="C:\Program Files\Java\jdk1.8.0_112\jre\bin"/>
    <property name="sun.java.command" value="C:\Users\subhash.bhatewera\AppData\Local\Temp\surefire5875302548116332166\surefirebooter4875308405739871569.jar C:\Users\subhash.bhatewera\AppData\Local\Temp\surefire5875302548116332166 2020-01-22T13-54-11_236-jvmRun1 surefire6719308314453460705tmp surefire_07318532202096097987tmp"/>
    <property name="surefire.test.class.path" value="C:\Users\subhash.bhatewera\.jenkins\ECM\target\test-classes;C:\Users\subhash.bhatewera\.jenkins\ECM\target\classes;C:\Users\subhash.bhatewera\.m2\repository\org\seleniumhq\selenium\selenium-java\3.14.0\selenium-java-3.14.0.jar;C:\Users\subhash.bhatewera\.m2\repository\org\seleniumhq\selenium\selenium-api\3.14.0\selenium-api-3.14.0.jar;C:\Users\subhash.bhatewera\.m2\repository\org\seleniumhq\selenium\selenium-chrome-driver\3.14.0\selenium-chrome-driver-3.14.0.jar;C:\Users\subhash.bhatewera\.m2\repository\org\seleniumhq\selenium\selenium-edge-driver\3.14.0\selenium-edge-driver-3.14.0.jar;C:\Users\subhash.bhatewera\.m2\repository\org\seleniumhq\selenium\selenium-firefox-driver\3.14.0\selenium-firefox-driver-3.14.0.jar;C:\Users\subhash.bhatewera\.m2\repository\org\seleniumhq\selenium\selenium-ie-driver\3.14.0\selenium-ie-driver-3.14.0.jar;C:\Users\subhash.bhatewera\.m2\repository\org\seleniumhq\selenium\selenium-opera-driver\3.14.0\selenium-opera-driver-3.14.0.jar;C:\Users\subhash.bhatewera\.m2\repository\org\seleniumhq\selenium\selenium-remote-driver\3.14.0\selenium-remote-driver-3.14.0.jar;C:\Users\subhash.bhatewera\.m2\repository\org\seleniumhq\selenium\selenium-safari-driver\3.14.0\selenium-safari-driver-3.14.0.jar;C:\Users\subhash.bhatewera\.m2\repository\org\seleniumhq\selenium\selenium-support\3.14.0\selenium-support-3.14.0.jar;C:\Users\subhash.bhatewera\.m2\repository\net\bytebuddy\byte-buddy\1.8.15\byte-buddy-1.8.15.jar;C:\Users\subhash.bhatewera\.m2\repository\org\apache\commons\commons-exec\1.3\commons-exec-1.3.jar;C:\Users\subhash.bhatewera\.m2\repository\commons-codec\commons-codec\1.10\commons-codec-1.10.jar;C:\Users\subhash.bhatewera\.m2\repository\commons-logging\commons-logging\1.2\commons-logging-1.2.jar;C:\Users\subhash.bhatewera\.m2\repository\org\apache\httpcomponents\httpclient\4.5.5\httpclient-4.5.5.jar;C:\Users\subhash.bhatewera\.m2\repository\org\apache\httpcomponents\httpcore\4.4.9\httpcore-4.4.9.jar;C:\Users\subhash.bhatewera\.m2\repository\com\squareup\okhttp3\okhttp\3.10.0\okhttp-3.10.0.jar;C:\Users\subhash.bhatewera\.m2\repository\com\squareup\okio\okio\1.14.1\okio-1.14.1.jar;C:\Users\subhash.bhatewera\.m2\repository\org\testng\testng\6.14.3\testng-6.14.3.jar;C:\Users\subhash.bhatewera\.m2\repository\com\beust\jcommander\1.72\jcommander-1.72.jar;C:\Users\subhash.bhatewera\.m2\repository\org\apache-extras\beanshell\bsh\2.0b6\bsh-2.0b6.jar;C:\Users\subhash.bhatewera\.m2\repository\org\apache\poi\poi\4.1.0\poi-4.1.0.jar;C:\Users\subhash.bhatewera\.m2\repository\org\apache\commons\commons-collections4\4.3\commons-collections4-4.3.jar;C:\Users\subhash.bhatewera\.m2\repository\org\apache\commons\commons-math3\3.6.1\commons-math3-3.6.1.jar;C:\Users\subhash.bhatewera\.m2\repository\org\apache\poi\poi-ooxml\4.1.0\poi-ooxml-4.1.0.jar;C:\Users\subhash.bhatewera\.m2\repository\org\apache\poi\poi-ooxml-schemas\4.1.0\poi-ooxml-schemas-4.1.0.jar;C:\Users\subhash.bhatewera\.m2\repository\org\apache\xmlbeans\xmlbeans\3.1.0\xmlbeans-3.1.0.jar;C:\Users\subhash.bhatewera\.m2\repository\org\apache\commons\commons-compress\1.18\commons-compress-1.18.jar;C:\Users\subhash.bhatewera\.m2\repository\com\github\virtuald\curvesapi\1.06\curvesapi-1.06.jar;C:\Users\subhash.bhatewera\.m2\repository\com\google\guava\guava\27.1-jre\guava-27.1-jre.jar;C:\Users\subhash.bhatewera\.m2\repository\com\google\guava\failureaccess\1.0.1\failureaccess-1.0.1.jar;C:\Users\subhash.bhatewera\.m2\repository\com\google\guava\listenablefuture\9999.0-empty-to-avoid-conflict-with-guava\listenablefuture-9999.0-empty-to-avoid-conflict-with-guava.jar;C:\Users\subhash.bhatewera\.m2\repository\com\google\code\findbugs\jsr305\3.0.2\jsr305-3.0.2.jar;C:\Users\subhash.bhatewera\.m2\repository\org\checkerframework\checker-qual\2.5.2\checker-qual-2.5.2.jar;C:\Users\subhash.bhatewera\.m2\repository\com\google\errorprone\error_prone_annotations\2.2.0\error_prone_annotations-2.2.0.jar;C:\Users\subhash.bhatewera\.m2\repository\com\google\j2objc\j2objc-annotations\1.1\j2objc-annotations-1.1.jar;C:\Users\subhash.bhatewera\.m2\repository\org\codehaus\mojo\animal-sniffer-annotations\1.17\animal-sniffer-annotations-1.17.jar;C:\Users\subhash.bhatewera\.m2\repository\com\relevantcodes\extentreports\2.41.2\extentreports-2.41.2.jar;C:\Users\subhash.bhatewera\.m2\repository\org\jsoup\jsoup\1.8.3\jsoup-1.8.3.jar;C:\Users\subhash.bhatewera\.m2\repository\org\xerial\sqlite-jdbc\3.8.11.1\sqlite-jdbc-3.8.11.1.jar;C:\Users\subhash.bhatewera\.m2\repository\org\freemarker\freemarker\2.3.23\freemarker-2.3.23.jar;C:\Users\subhash.bhatewera\.m2\repository\org\mongodb\mongodb-driver\3.0.4\mongodb-driver-3.0.4.jar;C:\Users\subhash.bhatewera\.m2\repository\org\mongodb\bson\3.0.4\bson-3.0.4.jar;C:\Users\subhash.bhatewera\.m2\repository\org\mongodb\mongodb-driver-core\3.0.4\mongodb-driver-core-3.0.4.jar;C:\Users\subhash.bhatewera\.m2\repository\commons-io\commons-io\2.1\commons-io-2.1.jar;C:\Users\subhash.bhatewera\.m2\repository\org\apache\logging\log4j\log4j-api\2.13.0\log4j-api-2.13.0.jar;C:\Users\subhash.bhatewera\.m2\repository\org\apache\logging\log4j\log4j-core\2.13.0\log4j-core-2.13.0.jar;"/>
    <property name="sun.cpu.endian" value="little"/>
    <property name="user.home" value="C:\Users\subhash.bhatewera"/>
    <property name="user.language" value="en"/>
    <property name="java.specification.vendor" value="Oracle Corporation"/>
    <property name="java.home" value="C:\Program Files\Java\jdk1.8.0_112\jre"/>
    <property name="basedir" value="C:\Users\subhash.bhatewera\.jenkins\ECM"/>
    <property name="file.separator" value="\"/>
    <property name="line.separator" value="&#10;"/>
    <property name="java.vm.specification.vendor" value="Oracle Corporation"/>
    <property name="java.specification.name" value="Java Platform API Specification"/>
    <property name="java.awt.graphicsenv" value="sun.awt.Win32GraphicsEnvironment"/>
    <property name="surefire.real.class.path" value="C:\Users\subhash.bhatewera\AppData\Local\Temp\surefire5875302548116332166\surefirebooter4875308405739871569.jar"/>
    <property name="sun.boot.class.path" value="C:\Program Files\Java\jdk1.8.0_112\jre\lib\resources.jar;C:\Program Files\Java\jdk1.8.0_112\jre\lib\rt.jar;C:\Program Files\Java\jdk1.8.0_112\jre\lib\sunrsasign.jar;C:\Program Files\Java\jdk1.8.0_112\jre\lib\jsse.jar;C:\Program Files\Java\jdk1.8.0_112\jre\lib\jce.jar;C:\Program Files\Java\jdk1.8.0_112\jre\lib\charsets.jar;C:\Program Files\Java\jdk1.8.0_112\jre\lib\jfr.jar;C:\Program Files\Java\jdk1.8.0_112\jre\classes"/>
    <property name="user.script" value=""/>
    <property name="sun.management.compiler" value="HotSpot 64-Bit Tiered Compilers"/>
    <property name="java.runtime.version" value="1.8.0_112-b15"/>
    <property name="user.name" value="Subhash.Bhatewera"/>
    <property name="path.separator" value=";"/>
    <property name="os.version" value="10.0"/>
    <property name="java.endorsed.dirs" value="C:\Program Files\Java\jdk1.8.0_112\jre\lib\endorsed"/>
    <property name="java.runtime.name" value="Java(TM) SE Runtime Environment"/>
    <property name="file.encoding" value="Cp1252"/>
    <property name="browser" value="Chrome"/>
    <property name="java.vm.name" value="Java HotSpot(TM) 64-Bit Server VM"/>
    <property name="localRepository" value="C:\Users\subhash.bhatewera\.m2\repository"/>
    <property name="java.vendor.url.bug" value="http://bugreport.sun.com/bugreport/"/>
    <property name="java.io.tmpdir" value="C:\Users\SUBHAS~1.BHA\AppData\Local\Temp\"/>
    <property name="java.version" value="1.8.0_112"/>
    <property name="user.dir" value="C:\Users\subhash.bhatewera\.jenkins\ECM"/>
    <property name="os.arch" value="amd64"/>
    <property name="java.vm.specification.name" value="Java Virtual Machine Specification"/>
    <property name="java.awt.printerjob" value="sun.awt.windows.WPrinterJob"/>
    <property name="sun.os.patch.level" value=""/>
    <property name="java.library.path" value="C:\Program Files\Java\jdk1.8.0_112\jre\bin;C:\WINDOWS\Sun\Java\bin;C:\WINDOWS\system32;C:\WINDOWS;C:\apache-maven-3.6.0-bin\apache-maven-3.6.0/bin;C:\Program Files\Java\jdk1.8.0_112/bin;C:\Program Files\Java\jdk1.8.0_112/bin;C:\ProgramData\Oracle\Java\javapath;C:\Program Files (x86)\Intel\iCLS Client\;C:\Program Files\Intel\iCLS Client\;C:\WINDOWS\system32;C:\WINDOWS;C:\WINDOWS\System32\Wbem;C:\WINDOWS\System32\WindowsPowerShell\v1.0\;C:\Program Files\Intel\Intel(R) Management Engine Components\DAL;C:\Program Files (x86)\Intel\Intel(R) Management Engine Components\DAL;C:\Program Files\Intel\Intel(R) Management Engine Components\IPT;C:\Program Files (x86)\Intel\Intel(R) Management Engine Components\IPT;C:\Program Files\Java\jdk1.8.0_112\bin;C:\Program Files\Microsoft SQL Server\Client SDK\ODBC\110\Tools\Binn\;C:\Program Files (x86)\Microsoft SQL Server\120\Tools\Binn\ManagementStudio\;C:\Program Files (x86)\Microsoft SQL Server\120\Tools\Binn\;C:\Program Files\Microsoft SQL Server\120\Tools\Binn\;C:\Program Files (x86)\Microsoft SQL Server\120\DTS\Binn\;C:\Program Files\Microsoft SQL Server\120\DTS\Binn\;C:\Program Files (x86)\Sennheiser\SoftphoneSDK\;C:\WINDOWS\System32\OpenSSH\;C:\Users\subhash.bhatewera\AppData\Local\Microsoft\WindowsApps;C:\apache-maven-3.6.0-bin\apache-maven-3.6.0\bin;D:\Ant\bin;;."/>
    <property name="java.vm.info" value="mixed mode"/>
    <property name="java.vendor" value="Oracle Corporation"/>
    <property name="java.vm.version" value="25.112-b15"/>
    <property name="java.ext.dirs" value="C:\Program Files\Java\jdk1.8.0_112\jre\lib\ext;C:\WINDOWS\Sun\Java\lib\ext"/>
    <property name="sun.io.unicode.encoding" value="UnicodeLittle"/>
    <property name="java.class.version" value="52.0"/>
  </properties>
  <testcase name="usernameScreenCMLogoImageTest" classname="com.cm.qa.testcases.UsernamePageTests" time="0.078"/>
  <testcase name="blankUsernameTest" classname="com.cm.qa.testcases.UsernamePageTests" time="5.317"/>
  <testcase name="verifyUserNameScreenFooterText" classname="com.cm.qa.testcases.UsernamePageTests" time="0.057"/>
  <testcase name="validUsernameTest" classname="com.cm.qa.testcases.UsernamePageTests" time="4.998"/>
  <testcase name="verifyUsernameLabelTest" classname="com.cm.qa.testcases.PasswordPageTests" time="0.074"/>
  <testcase name="blankPasswordTest" classname="com.cm.qa.testcases.PasswordPageTests" time="0.49"/>
  <testcase name="invalidPasswordTest" classname="com.cm.qa.testcases.PasswordPageTests" time="5.335"/>
  <testcase name="verifyPasswordScreenFooterTextTest" classname="com.cm.qa.testcases.PasswordPageTests" time="0.06"/>
  <testcase name="validPasswordTest" classname="com.cm.qa.testcases.PasswordPageTests" time="2.636"/>
  <testcase name="verifyLandingPageTest" classname="com.cm.qa.testcases.DashboardPageTests" time="3.361"/>
  <testcase name="validateContractListLinkTest" classname="com.cm.qa.testcases.DashboardPageTests" time="3.517"/>
  <testcase name="validateDocSearchLinkTest" classname="com.cm.qa.testcases.DashboardPageTests" time="0.458"/>
  <testcase name="validateNotificationLinkTest" classname="com.cm.qa.testcases.DashboardPageTests" time="0.549"/>
  <testcase name="validateAddContractButtonTest" classname="com.cm.qa.testcases.ContractListPageTests" time="0.278"/>
  <testcase name="updateProfilePicture" classname="com.cm.qa.testcases.ProfilePageTests" time="26.649">
    <failure message="Expected condition failed: waiting for visibility of Proxy element for: DefaultElementLocator &apos;By.xpath: //div[contains(@class,&apos;toast-success&apos;)]&apos; (tried for 10 second(s) with 500 milliseconds interval)" type="org.openqa.selenium.TimeoutException"><![CDATA[org.openqa.selenium.TimeoutException: Expected condition failed: waiting for visibility of Proxy element for: DefaultElementLocator 'By.xpath: //div[contains(@class,'toast-success')]' (tried for 10 second(s) with 500 milliseconds interval)
	at com.cm.qa.testcases.ProfilePageTests.updateProfilePicture(ProfilePageTests.java:37)
Caused by: org.openqa.selenium.NoSuchElementException: 
no such element: Unable to locate element: {"method":"xpath","selector":"//div[contains(@class,'toast-success')]"}
  (Session info: chrome=79.0.3945.117)
For documentation on this error, please visit: http://seleniumhq.org/exceptions/no_such_element.html
Build info: version: '3.14.0', revision: 'aacccce0', time: '2018-08-02T20:19:58.91Z'
System info: host: 'SBR-DEVPQA-12', ip: '10.182.106.119', os.name: 'Windows 10', os.arch: 'amd64', os.version: '10.0', java.version: '1.8.0_112'
Driver info: org.openqa.selenium.chrome.ChromeDriver
Capabilities {acceptInsecureCerts: false, browserName: chrome, browserVersion: 79.0.3945.117, chrome: {chromedriverVersion: 79.0.3945.36 (3582db32b3389..., userDataDir: C:\Users\SUBHAS~1.BHA\AppDa...}, goog:chromeOptions: {debuggerAddress: localhost:52593}, javascriptEnabled: true, networkConnectionEnabled: false, pageLoadStrategy: normal, platform: WINDOWS, platformName: WINDOWS, proxy: Proxy(), setWindowRect: true, strictFileInteractability: false, timeouts: {implicit: 0, pageLoad: 300000, script: 30000}, unhandledPromptBehavior: dismiss and notify}
Session ID: cfba57b3c3a816652ca40c7310af22d7
*** Element info: {Using=xpath, value=//div[contains(@class,'toast-success')]}
	at com.cm.qa.testcases.ProfilePageTests.updateProfilePicture(ProfilePageTests.java:37)
]]></failure>
    <system-out><![CDATA[14:04:29.719 [main] INFO  com.cm.qa.testcases.ProfilePageTests - Chrome browser opened successfully
14:04:30.053 [main] INFO  com.cm.qa.testcases.ProfilePageTests - Navigated to Password screen
14:04:30.311 [main] INFO  com.cm.qa.testcases.ProfilePageTests - Logged into application
14:04:35.219 [main] INFO  com.cm.qa.testcases.ProfilePageTests - Navigated to Profile screen
C:\Users\subhash.bhatewera\.jenkins\ECM\src\main\java\resources\profilepicture.jpg
]]></system-out>
    <system-err><![CDATA[Starting ChromeDriver 79.0.3945.36 (3582db32b33893869b8c1339e8f4d9ed1816f143-refs/branch-heads/3945@{#614}) on port 7330
Only local connections are allowed.
Please protect ports used by ChromeDriver and related test frameworks to prevent access by malicious code.
[1579682060.571][WARNING]: Timed out connecting to Chrome, retrying...
Jan 22, 2020 2:04:22 PM org.openqa.selenium.remote.ProtocolHandshake createSession
INFO: Detected dialect: W3C
[1579682064.613][WARNING]: Timed out connecting to Chrome, retrying...
]]></system-err>
  </testcase>
  <testcase name="invalidFirstNameTest" classname="com.cm.qa.testcases.ProfilePageTests" time="0.462"/>
  <testcase name="invalidFirstNameTest" classname="com.cm.qa.testcases.ProfilePageTests" time="0.378"/>
  <testcase name="invalidFirstNameTest" classname="com.cm.qa.testcases.ProfilePageTests" time="0.372"/>
  <testcase name="invalidLastNameTest" classname="com.cm.qa.testcases.ProfilePageTests" time="0.373"/>
  <testcase name="invalidLastNameTest" classname="com.cm.qa.testcases.ProfilePageTests" time="0.332"/>
  <testcase name="invalidLastNameTest" classname="com.cm.qa.testcases.ProfilePageTests" time="0.382"/>
  <testcase name="updateUserNameTest" classname="com.cm.qa.testcases.ProfilePageTests" time="1.879"/>
  <testcase name="updateUserNameTest" classname="com.cm.qa.testcases.ProfilePageTests" time="0.949"/>
  <testcase name="updateUserNameTest" classname="com.cm.qa.testcases.ProfilePageTests" time="0.953"/>
  <testcase name="updateUserNameTest" classname="com.cm.qa.testcases.ProfilePageTests" time="0.966"/>
  <testcase name="updateUserNameTest" classname="com.cm.qa.testcases.ProfilePageTests" time="1.426"/>
</testsuite>