<?xml version="1.0" encoding="UTF-8"?>
<testng-results skipped="0" failed="1" ignored="1" total="27" passed="25">
  <reporter-output>
  </reporter-output>
  <suite name="Exela Contract Management Automation Suite" duration-ms="657814" started-at="2020-01-22T08:24:13Z" finished-at="2020-01-22T08:35:11Z">
    <groups>
    </groups>
    <test name="Login Tests" duration-ms="283360" started-at="2020-01-22T08:24:13Z" finished-at="2020-01-22T08:28:57Z">
      <class name="com.cm.qa.testcases.UsernamePageTests">
        <test-method status="PASS" signature="setUp()[pri:0, instance:com.cm.qa.testcases.UsernamePageTests@614ca7df]" name="setUp" is-config="true" duration-ms="124984" started-at="2020-01-22T08:24:13Z" finished-at="2020-01-22T08:26:18Z">
          <reporter-output>
          </reporter-output>
        </test-method> <!-- setUp -->
        <test-method status="PASS" signature="usernameScreenCMLogoImageTest()[pri:1, instance:com.cm.qa.testcases.UsernamePageTests@614ca7df]" name="usernameScreenCMLogoImageTest" duration-ms="78" started-at="2020-01-22T08:26:18Z" finished-at="2020-01-22T08:26:18Z">
          <reporter-output>
          </reporter-output>
        </test-method> <!-- usernameScreenCMLogoImageTest -->
        <test-method status="PASS" signature="blankUsernameTest()[pri:2, instance:com.cm.qa.testcases.UsernamePageTests@614ca7df]" name="blankUsernameTest" duration-ms="5317" started-at="2020-01-22T08:26:18Z" finished-at="2020-01-22T08:26:24Z">
          <reporter-output>
          </reporter-output>
        </test-method> <!-- blankUsernameTest -->
        <test-method status="PASS" signature="verifyUserNameScreenFooterText()[pri:3, instance:com.cm.qa.testcases.UsernamePageTests@614ca7df]" name="verifyUserNameScreenFooterText" duration-ms="57" started-at="2020-01-22T08:26:24Z" finished-at="2020-01-22T08:26:24Z">
          <reporter-output>
          </reporter-output>
        </test-method> <!-- verifyUserNameScreenFooterText -->
        <test-method status="PASS" signature="validUsernameTest()[pri:4, instance:com.cm.qa.testcases.UsernamePageTests@614ca7df]" name="validUsernameTest" duration-ms="4998" started-at="2020-01-22T08:26:24Z" finished-at="2020-01-22T08:26:29Z">
          <reporter-output>
          </reporter-output>
        </test-method> <!-- validUsernameTest -->
        <test-method status="PASS" signature="tearDown()[pri:0, instance:com.cm.qa.testcases.UsernamePageTests@614ca7df]" name="tearDown" is-config="true" duration-ms="101" started-at="2020-01-22T08:26:29Z" finished-at="2020-01-22T08:26:29Z">
          <reporter-output>
          </reporter-output>
        </test-method> <!-- tearDown -->
      </class> <!-- com.cm.qa.testcases.UsernamePageTests -->
      <class name="com.cm.qa.testcases.PasswordPageTests">
        <test-method status="PASS" signature="setUp()[pri:0, instance:com.cm.qa.testcases.PasswordPageTests@4738a206]" name="setUp" is-config="true" duration-ms="134896" started-at="2020-01-22T08:26:29Z" finished-at="2020-01-22T08:28:44Z">
          <reporter-output>
          </reporter-output>
        </test-method> <!-- setUp -->
        <test-method status="PASS" signature="verifyUsernameLabelTest()[pri:5, instance:com.cm.qa.testcases.PasswordPageTests@4738a206]" name="verifyUsernameLabelTest" duration-ms="74" started-at="2020-01-22T08:28:44Z" finished-at="2020-01-22T08:28:44Z">
          <reporter-output>
          </reporter-output>
        </test-method> <!-- verifyUsernameLabelTest -->
        <test-method status="PASS" signature="blankPasswordTest()[pri:6, instance:com.cm.qa.testcases.PasswordPageTests@4738a206]" name="blankPasswordTest" duration-ms="489" started-at="2020-01-22T08:28:44Z" finished-at="2020-01-22T08:28:44Z">
          <reporter-output>
          </reporter-output>
        </test-method> <!-- blankPasswordTest -->
        <test-method status="PASS" signature="invalidPasswordTest()[pri:7, instance:com.cm.qa.testcases.PasswordPageTests@4738a206]" name="invalidPasswordTest" duration-ms="5333" started-at="2020-01-22T08:28:44Z" finished-at="2020-01-22T08:28:50Z">
          <reporter-output>
          </reporter-output>
        </test-method> <!-- invalidPasswordTest -->
        <test-method status="PASS" signature="verifyPasswordScreenFooterTextTest()[pri:8, instance:com.cm.qa.testcases.PasswordPageTests@4738a206]" name="verifyPasswordScreenFooterTextTest" duration-ms="61" started-at="2020-01-22T08:28:50Z" finished-at="2020-01-22T08:28:50Z">
          <reporter-output>
          </reporter-output>
        </test-method> <!-- verifyPasswordScreenFooterTextTest -->
        <test-method status="PASS" signature="validPasswordTest()[pri:9, instance:com.cm.qa.testcases.PasswordPageTests@4738a206]" name="validPasswordTest" duration-ms="2637" started-at="2020-01-22T08:28:50Z" finished-at="2020-01-22T08:28:52Z">
          <reporter-output>
          </reporter-output>
        </test-method> <!-- validPasswordTest -->
        <test-method status="PASS" signature="tearDown()[pri:0, instance:com.cm.qa.testcases.PasswordPageTests@4738a206]" name="tearDown" is-config="true" duration-ms="4319" started-at="2020-01-22T08:28:52Z" finished-at="2020-01-22T08:28:57Z">
          <reporter-output>
          </reporter-output>
        </test-method> <!-- tearDown -->
      </class> <!-- com.cm.qa.testcases.PasswordPageTests -->
    </test> <!-- Login Tests -->
    <test name="Dashboard Tests" duration-ms="374436" started-at="2020-01-22T08:28:57Z" finished-at="2020-01-22T08:35:11Z">
      <class name="com.cm.qa.testcases.DashboardPageTests">
        <test-method status="PASS" signature="setUp()[pri:0, instance:com.cm.qa.testcases.DashboardPageTests@57cf54e1]" name="setUp" is-config="true" duration-ms="161314" started-at="2020-01-22T08:28:57Z" finished-at="2020-01-22T08:31:38Z">
          <reporter-output>
          </reporter-output>
        </test-method> <!-- setUp -->
        <test-method status="PASS" signature="verifyLandingPageTest()[pri:10, instance:com.cm.qa.testcases.DashboardPageTests@57cf54e1]" name="verifyLandingPageTest" duration-ms="3361" started-at="2020-01-22T08:31:38Z" finished-at="2020-01-22T08:31:41Z">
          <reporter-output>
          </reporter-output>
        </test-method> <!-- verifyLandingPageTest -->
        <test-method status="PASS" signature="validateContractListLinkTest()[pri:11, instance:com.cm.qa.testcases.DashboardPageTests@57cf54e1]" name="validateContractListLinkTest" duration-ms="3517" started-at="2020-01-22T08:31:41Z" finished-at="2020-01-22T08:31:45Z">
          <reporter-output>
          </reporter-output>
        </test-method> <!-- validateContractListLinkTest -->
        <test-method status="PASS" signature="validateDocSearchLinkTest()[pri:12, instance:com.cm.qa.testcases.DashboardPageTests@57cf54e1]" name="validateDocSearchLinkTest" duration-ms="457" started-at="2020-01-22T08:31:45Z" finished-at="2020-01-22T08:31:45Z">
          <reporter-output>
          </reporter-output>
        </test-method> <!-- validateDocSearchLinkTest -->
        <test-method status="PASS" signature="validateNotificationLinkTest()[pri:13, instance:com.cm.qa.testcases.DashboardPageTests@57cf54e1]" name="validateNotificationLinkTest" duration-ms="550" started-at="2020-01-22T08:31:45Z" finished-at="2020-01-22T08:31:46Z">
          <reporter-output>
          </reporter-output>
        </test-method> <!-- validateNotificationLinkTest -->
        <test-method status="PASS" signature="tearDown()[pri:0, instance:com.cm.qa.testcases.DashboardPageTests@57cf54e1]" name="tearDown" is-config="true" duration-ms="67" started-at="2020-01-22T08:31:46Z" finished-at="2020-01-22T08:31:46Z">
          <reporter-output>
          </reporter-output>
        </test-method> <!-- tearDown -->
      </class> <!-- com.cm.qa.testcases.DashboardPageTests -->
      <class name="com.cm.qa.testcases.ContractListPageTests">
        <test-method status="PASS" signature="setUp()[pri:0, instance:com.cm.qa.testcases.ContractListPageTests@5b03b9fe]" name="setUp" is-config="true" duration-ms="150572" started-at="2020-01-22T08:31:46Z" finished-at="2020-01-22T08:34:16Z">
          <reporter-output>
          </reporter-output>
        </test-method> <!-- setUp -->
        <test-method status="PASS" signature="validateAddContractButtonTest()[pri:14, instance:com.cm.qa.testcases.ContractListPageTests@5b03b9fe]" name="validateAddContractButtonTest" duration-ms="279" started-at="2020-01-22T08:34:16Z" finished-at="2020-01-22T08:34:17Z">
          <reporter-output>
          </reporter-output>
        </test-method> <!-- validateAddContractButtonTest -->
        <test-method status="PASS" signature="tearDown()[pri:0, instance:com.cm.qa.testcases.ContractListPageTests@5b03b9fe]" name="tearDown" is-config="true" duration-ms="64" started-at="2020-01-22T08:34:17Z" finished-at="2020-01-22T08:34:17Z">
          <reporter-output>
          </reporter-output>
        </test-method> <!-- tearDown -->
      </class> <!-- com.cm.qa.testcases.ContractListPageTests -->
      <class name="com.cm.qa.testcases.ProfilePageTests">
        <test-method status="PASS" signature="setUp()[pri:0, instance:com.cm.qa.testcases.ProfilePageTests@37d4349f]" name="setUp" is-config="true" duration-ms="17891" started-at="2020-01-22T08:34:17Z" finished-at="2020-01-22T08:34:35Z">
          <reporter-output>
          </reporter-output>
        </test-method> <!-- setUp -->
        <test-method status="FAIL" signature="updateProfilePicture()[pri:101, instance:com.cm.qa.testcases.ProfilePageTests@37d4349f]" name="updateProfilePicture" duration-ms="26621" started-at="2020-01-22T08:34:35Z" finished-at="2020-01-22T08:35:01Z">
          <exception class="org.openqa.selenium.TimeoutException">
            <message>
              <![CDATA[Expected condition failed: waiting for visibility of Proxy element for: DefaultElementLocator 'By.xpath: //div[contains(@class,'toast-success')]' (tried for 10 second(s) with 500 milliseconds interval)]]>
            </message>
            <full-stacktrace>
              <![CDATA[org.openqa.selenium.TimeoutException: Expected condition failed: waiting for visibility of Proxy element for: DefaultElementLocator 'By.xpath: //div[contains(@class,'toast-success')]' (tried for 10 second(s) with 500 milliseconds interval)
at org.openqa.selenium.support.ui.WebDriverWait.timeoutException(WebDriverWait.java:113)
at org.openqa.selenium.support.ui.FluentWait.until(FluentWait.java:283)
at cm.cm.qa.base.ActionClass.customVisibleWait(ActionClass.java:26)
at com.cm.qa.utills.Utills.readSuccessMessage(Utills.java:31)
at com.cm.qa.testcases.ProfilePageTests.updateProfilePicture(ProfilePageTests.java:37)
at sun.reflect.NativeMethodAccessorImpl.invoke0(Native Method)
at sun.reflect.NativeMethodAccessorImpl.invoke(NativeMethodAccessorImpl.java:62)
at sun.reflect.DelegatingMethodAccessorImpl.invoke(DelegatingMethodAccessorImpl.java:43)
at java.lang.reflect.Method.invoke(Method.java:498)
at org.testng.internal.MethodInvocationHelper.invokeMethod(MethodInvocationHelper.java:124)
at org.testng.internal.Invoker.invokeMethod(Invoker.java:583)
at org.testng.internal.Invoker.invokeTestMethod(Invoker.java:719)
at org.testng.internal.Invoker.invokeTestMethods(Invoker.java:989)
at org.testng.internal.TestMethodWorker.invokeTestMethods(TestMethodWorker.java:125)
at org.testng.internal.TestMethodWorker.run(TestMethodWorker.java:109)
at org.testng.TestRunner.privateRun(TestRunner.java:648)
at org.testng.TestRunner.run(TestRunner.java:505)
at org.testng.SuiteRunner.runTest(SuiteRunner.java:455)
at org.testng.SuiteRunner.runSequentially(SuiteRunner.java:450)
at org.testng.SuiteRunner.privateRun(SuiteRunner.java:415)
at org.testng.SuiteRunner.run(SuiteRunner.java:364)
at org.testng.SuiteRunnerWorker.runSuite(SuiteRunnerWorker.java:52)
at org.testng.SuiteRunnerWorker.run(SuiteRunnerWorker.java:84)
at org.testng.TestNG.runSuitesSequentially(TestNG.java:1208)
at org.testng.TestNG.runSuitesLocally(TestNG.java:1137)
at org.testng.TestNG.runSuites(TestNG.java:1049)
at org.testng.TestNG.run(TestNG.java:1017)
at org.apache.maven.surefire.testng.TestNGExecutor.run(TestNGExecutor.java:283)
at org.apache.maven.surefire.testng.TestNGXmlTestSuite.execute(TestNGXmlTestSuite.java:75)
at org.apache.maven.surefire.testng.TestNGProvider.invoke(TestNGProvider.java:120)
at org.apache.maven.surefire.booter.ForkedBooter.runSuitesInProcess(ForkedBooter.java:377)
at org.apache.maven.surefire.booter.ForkedBooter.execute(ForkedBooter.java:138)
at org.apache.maven.surefire.booter.ForkedBooter.run(ForkedBooter.java:465)
at org.apache.maven.surefire.booter.ForkedBooter.main(ForkedBooter.java:451)
Caused by: org.openqa.selenium.NoSuchElementException: no such element: Unable to locate element: {"method":"xpath","selector":"//div[contains(@class,'toast-success')]"}
  (Session info: chrome=79.0.3945.117)
For documentation on this error, please visit: http://seleniumhq.org/exceptions/no_such_element.html
Build info: version: '3.14.0', revision: 'aacccce0', time: '2018-08-02T20:19:58.91Z'
System info: host: 'SBR-DEVPQA-12', ip: '10.182.106.119', os.name: 'Windows 10', os.arch: 'amd64', os.version: '10.0', java.version: '1.8.0_112'
Driver info: org.openqa.selenium.chrome.ChromeDriver
Capabilities {acceptInsecureCerts: false, browserName: chrome, browserVersion: 79.0.3945.117, chrome: {chromedriverVersion: 79.0.3945.36 (3582db32b3389..., userDataDir: C:\Users\SUBHAS~1.BHA\AppDa...}, goog:chromeOptions: {debuggerAddress: localhost:52593}, javascriptEnabled: true, networkConnectionEnabled: false, pageLoadStrategy: normal, platform: WINDOWS, platformName: WINDOWS, proxy: Proxy(), setWindowRect: true, strictFileInteractability: false, timeouts: {implicit: 0, pageLoad: 300000, script: 30000}, unhandledPromptBehavior: dismiss and notify}
Session ID: cfba57b3c3a816652ca40c7310af22d7
*** Element info: {Using=xpath, value=//div[contains(@class,'toast-success')]}
at sun.reflect.NativeConstructorAccessorImpl.newInstance0(Native Method)
at sun.reflect.NativeConstructorAccessorImpl.newInstance(NativeConstructorAccessorImpl.java:62)
at sun.reflect.DelegatingConstructorAccessorImpl.newInstance(DelegatingConstructorAccessorImpl.java:45)
at java.lang.reflect.Constructor.newInstance(Constructor.java:423)
at org.openqa.selenium.remote.http.W3CHttpResponseCodec.createException(W3CHttpResponseCodec.java:187)
at org.openqa.selenium.remote.http.W3CHttpResponseCodec.decode(W3CHttpResponseCodec.java:122)
at org.openqa.selenium.remote.http.W3CHttpResponseCodec.decode(W3CHttpResponseCodec.java:49)
at org.openqa.selenium.remote.HttpCommandExecutor.execute(HttpCommandExecutor.java:158)
at org.openqa.selenium.remote.service.DriverCommandExecutor.execute(DriverCommandExecutor.java:83)
at org.openqa.selenium.remote.RemoteWebDriver.execute(RemoteWebDriver.java:548)
at org.openqa.selenium.remote.RemoteWebDriver.findElement(RemoteWebDriver.java:322)
at org.openqa.selenium.remote.RemoteWebDriver.findElementByXPath(RemoteWebDriver.java:424)
at org.openqa.selenium.By$ByXPath.findElement(By.java:353)
at org.openqa.selenium.remote.RemoteWebDriver.findElement(RemoteWebDriver.java:314)
at org.openqa.selenium.support.pagefactory.DefaultElementLocator.findElement(DefaultElementLocator.java:69)
at org.openqa.selenium.support.pagefactory.internal.LocatingElementHandler.invoke(LocatingElementHandler.java:38)
at com.sun.proxy.$Proxy23.isDisplayed(Unknown Source)
at org.openqa.selenium.support.ui.ExpectedConditions.elementIfVisible(ExpectedConditions.java:315)
at org.openqa.selenium.support.ui.ExpectedConditions.access$100(ExpectedConditions.java:44)
at org.openqa.selenium.support.ui.ExpectedConditions$10.apply(ExpectedConditions.java:301)
at org.openqa.selenium.support.ui.ExpectedConditions$10.apply(ExpectedConditions.java:298)
at org.openqa.selenium.support.ui.FluentWait.until(FluentWait.java:260)
... 32 more
]]>
            </full-stacktrace>
          </exception> <!-- org.openqa.selenium.TimeoutException -->
          <reporter-output>
          </reporter-output>
        </test-method> <!-- updateProfilePicture -->
        <test-method status="PASS" signature="invalidFirstNameTest(java.lang.String)[pri:104, instance:com.cm.qa.testcases.ProfilePageTests@37d4349f]" name="invalidFirstNameTest" duration-ms="462" started-at="2020-01-22T08:35:02Z" data-provider="invalidName" finished-at="2020-01-22T08:35:03Z">
          <params>
            <param index="0">
              <value>
                <![CDATA[Subh!]]>
              </value>
            </param>
          </params>
          <reporter-output>
          </reporter-output>
        </test-method> <!-- invalidFirstNameTest -->
        <test-method status="PASS" signature="invalidFirstNameTest(java.lang.String)[pri:104, instance:com.cm.qa.testcases.ProfilePageTests@37d4349f]" name="invalidFirstNameTest" duration-ms="377" started-at="2020-01-22T08:35:03Z" data-provider="invalidName" finished-at="2020-01-22T08:35:03Z">
          <params>
            <param index="0">
              <value>
                <![CDATA[Subh#]]>
              </value>
            </param>
          </params>
          <reporter-output>
          </reporter-output>
        </test-method> <!-- invalidFirstNameTest -->
        <test-method status="PASS" signature="invalidFirstNameTest(java.lang.String)[pri:104, instance:com.cm.qa.testcases.ProfilePageTests@37d4349f]" name="invalidFirstNameTest" duration-ms="370" started-at="2020-01-22T08:35:03Z" data-provider="invalidName" finished-at="2020-01-22T08:35:04Z">
          <params>
            <param index="0">
              <value>
                <![CDATA[Subh-ash]]>
              </value>
            </param>
          </params>
          <reporter-output>
          </reporter-output>
        </test-method> <!-- invalidFirstNameTest -->
        <test-method status="PASS" signature="invalidLastNameTest(java.lang.String)[pri:105, instance:com.cm.qa.testcases.ProfilePageTests@37d4349f]" name="invalidLastNameTest" duration-ms="372" started-at="2020-01-22T08:35:04Z" data-provider="invalidName" finished-at="2020-01-22T08:35:04Z">
          <params>
            <param index="0">
              <value>
                <![CDATA[Subh!]]>
              </value>
            </param>
          </params>
          <reporter-output>
          </reporter-output>
        </test-method> <!-- invalidLastNameTest -->
        <test-method status="PASS" signature="invalidLastNameTest(java.lang.String)[pri:105, instance:com.cm.qa.testcases.ProfilePageTests@37d4349f]" name="invalidLastNameTest" duration-ms="332" started-at="2020-01-22T08:35:04Z" data-provider="invalidName" finished-at="2020-01-22T08:35:04Z">
          <params>
            <param index="0">
              <value>
                <![CDATA[Subh#]]>
              </value>
            </param>
          </params>
          <reporter-output>
          </reporter-output>
        </test-method> <!-- invalidLastNameTest -->
        <test-method status="PASS" signature="invalidLastNameTest(java.lang.String)[pri:105, instance:com.cm.qa.testcases.ProfilePageTests@37d4349f]" name="invalidLastNameTest" duration-ms="382" started-at="2020-01-22T08:35:04Z" data-provider="invalidName" finished-at="2020-01-22T08:35:05Z">
          <params>
            <param index="0">
              <value>
                <![CDATA[Subh-ash]]>
              </value>
            </param>
          </params>
          <reporter-output>
          </reporter-output>
        </test-method> <!-- invalidLastNameTest -->
        <test-method status="PASS" signature="updateUserNameTest(java.lang.String, java.lang.String)[pri:106, instance:com.cm.qa.testcases.ProfilePageTests@37d4349f]" name="updateUserNameTest" duration-ms="1878" started-at="2020-01-22T08:35:05Z" data-provider="userName" finished-at="2020-01-22T08:35:07Z">
          <params>
            <param index="0">
              <value>
                <![CDATA[First Name]]>
              </value>
            </param>
            <param index="1">
              <value>
                <![CDATA[Last Name]]>
              </value>
            </param>
          </params>
          <reporter-output>
          </reporter-output>
        </test-method> <!-- updateUserNameTest -->
        <test-method status="PASS" signature="updateUserNameTest(java.lang.String, java.lang.String)[pri:106, instance:com.cm.qa.testcases.ProfilePageTests@37d4349f]" name="updateUserNameTest" duration-ms="950" started-at="2020-01-22T08:35:07Z" data-provider="userName" finished-at="2020-01-22T08:35:08Z">
          <params>
            <param index="0">
              <value>
                <![CDATA[Subh]]>
              </value>
            </param>
            <param index="1">
              <value>
                <![CDATA[Bhatewera]]>
              </value>
            </param>
          </params>
          <reporter-output>
          </reporter-output>
        </test-method> <!-- updateUserNameTest -->
        <test-method status="PASS" signature="updateUserNameTest(java.lang.String, java.lang.String)[pri:106, instance:com.cm.qa.testcases.ProfilePageTests@37d4349f]" name="updateUserNameTest" duration-ms="952" started-at="2020-01-22T08:35:08Z" data-provider="userName" finished-at="2020-01-22T08:35:09Z">
          <params>
            <param index="0">
              <value>
                <![CDATA[Su_bh]]>
              </value>
            </param>
            <param index="1">
              <value>
                <![CDATA[Bha_tewera]]>
              </value>
            </param>
          </params>
          <reporter-output>
          </reporter-output>
        </test-method> <!-- updateUserNameTest -->
        <test-method status="PASS" signature="updateUserNameTest(java.lang.String, java.lang.String)[pri:106, instance:com.cm.qa.testcases.ProfilePageTests@37d4349f]" name="updateUserNameTest" duration-ms="965" started-at="2020-01-22T08:35:09Z" data-provider="userName" finished-at="2020-01-22T08:35:10Z">
          <params>
            <param index="0">
              <value>
                <![CDATA[Subh1]]>
              </value>
            </param>
            <param index="1">
              <value>
                <![CDATA[Bhatewera2]]>
              </value>
            </param>
          </params>
          <reporter-output>
          </reporter-output>
        </test-method> <!-- updateUserNameTest -->
        <test-method status="PASS" signature="updateUserNameTest(java.lang.String, java.lang.String)[pri:106, instance:com.cm.qa.testcases.ProfilePageTests@37d4349f]" name="updateUserNameTest" duration-ms="1425" started-at="2020-01-22T08:35:10Z" data-provider="userName" finished-at="2020-01-22T08:35:11Z">
          <params>
            <param index="0">
              <value>
                <![CDATA[Subhash]]>
              </value>
            </param>
            <param index="1">
              <value>
                <![CDATA[Bhatewera]]>
              </value>
            </param>
          </params>
          <reporter-output>
          </reporter-output>
        </test-method> <!-- updateUserNameTest -->
        <test-method status="PASS" signature="tearDown()[pri:0, instance:com.cm.qa.testcases.ProfilePageTests@37d4349f]" name="tearDown" is-config="true" duration-ms="85" started-at="2020-01-22T08:35:11Z" finished-at="2020-01-22T08:35:11Z">
          <reporter-output>
          </reporter-output>
        </test-method> <!-- tearDown -->
      </class> <!-- com.cm.qa.testcases.ProfilePageTests -->
    </test> <!-- Dashboard Tests -->
  </suite> <!-- Exela Contract Management Automation Suite -->
</testng-results>
