<?xml version="1.0" encoding="UTF-8"?>
<!-- Generated by org.testng.reporters.JUnitXMLReporter -->
<testsuite hostname="SBR-DEVPQA-12" ignored="0" name="Smoke Test" tests="9" failures="2" timestamp="08 Jan 2020 10:27:40 GMT" time="39.423" errors="0">
  <testcase name="usernameScreenCMLogoImageTest" time="0.072" classname="com.cm.qa.testcases.UsernamePageTests"/>
  <testcase name="blankUsernameTest" time="0.905" classname="com.cm.qa.testcases.UsernamePageTests"/>
  <testcase name="verifyUserNameScreenFooterText" time="0.063" classname="com.cm.qa.testcases.UsernamePageTests">
    <failure type="java.lang.AssertionError" message="expected [Copyright © 2019 Exela Contract Management.
All Rights Reserved.
v0.0.8] but found [Copyright © 2019 Exela Contract Management.
All Rights Reserved.
v0.0.9]">
      <![CDATA[java.lang.AssertionError: expected [Copyright © 2019 Exela Contract Management.
All Rights Reserved.
v0.0.8] but found [Copyright © 2019 Exela Contract Management.
All Rights Reserved.
v0.0.9]
at com.cm.qa.testcases.UsernamePageTests.verifyUserNameScreenFooterText(UsernamePageTests.java:49)
... Removed 31 stack frames]]>
    </failure>
  </testcase> <!-- verifyUserNameScreenFooterText -->
  <testcase name="validUsernameTest" time="0.297" classname="com.cm.qa.testcases.UsernamePageTests"/>
  <testcase name="verifyUsernameLabelTest" time="0.141" classname="com.cm.qa.testcases.PasswordPageTests"/>
  <testcase name="blankPasswordTest" time="0.552" classname="com.cm.qa.testcases.PasswordPageTests"/>
  <testcase name="invalidPasswordTest" time="4.661" classname="com.cm.qa.testcases.PasswordPageTests"/>
  <testcase name="verifyPasswordScreenFooterTextTest" time="0.078" classname="com.cm.qa.testcases.PasswordPageTests">
    <failure type="java.lang.AssertionError" message="expected [Copyright © 2019 Exela Contract Management.
All Rights Reserved.
v0.0.8] but found [Copyright © 2019 Exela Contract Management.
All Rights Reserved.
v0.0.9]">
      <![CDATA[java.lang.AssertionError: expected [Copyright © 2019 Exela Contract Management.
All Rights Reserved.
v0.0.8] but found [Copyright © 2019 Exela Contract Management.
All Rights Reserved.
v0.0.9]
at com.cm.qa.testcases.PasswordPageTests.verifyPasswordScreenFooterTextTest(PasswordPageTests.java:54)
... Removed 31 stack frames]]>
    </failure>
  </testcase> <!-- verifyPasswordScreenFooterTextTest -->
  <testcase name="validPasswordTest" time="2.231" classname="com.cm.qa.testcases.PasswordPageTests"/>
</testsuite> <!-- Smoke Test -->
