<?xml version="1.0" encoding="UTF-8"?>
<!-- Generated by org.testng.reporters.JUnitReportReporter -->
<testsuite skipped="0" hostname="SBR-DEVPQA-12" name="com.cm.qa.testcases.CommercialsPageTests" tests="31" failures="2" timestamp="23 Dec 2019 06:22:45 GMT" time="611.745" errors="1">
  <testcase name="addGeneralTermsTest" time="25.772" classname="com.cm.qa.testcases.CommercialsPageTests"/>
  <testcase name="addGeneralTermsTest" time="26.731" classname="com.cm.qa.testcases.CommercialsPageTests"/>
  <testcase name="addGeneralTermsTest" time="33.930" classname="com.cm.qa.testcases.CommercialsPageTests">
    <error type="org.openqa.selenium.NoSuchElementException" message="no such element: Unable to locate element: {&quot;method&quot;:&quot;xpath&quot;,&quot;selector&quot;:&quot;(//i[contains(@mattooltip,&#039;Edit&#039;)])[1]&quot;}
  (Session info: chrome=79.0.3945.88)
For documentation on this error, please visit: http://seleniumhq.org/exceptions/no_such_element.html
Build info: version: &#039;3.14.0&#039;, revision: &#039;aacccce0&#039;, time: &#039;2018-08-02T20:19:58.91Z&#039;
System info: host: &#039;SBR-DEVPQA-12&#039;, ip: &#039;10.182.106.119&#039;, os.name: &#039;Windows 10&#039;, os.arch: &#039;amd64&#039;, os.version: &#039;10.0&#039;, java.version: &#039;1.8.0_112&#039;
Driver info: org.openqa.selenium.chrome.ChromeDriver
Capabilities {acceptInsecureCerts: false, browserName: chrome, browserVersion: 79.0.3945.88, chrome: {chromedriverVersion: 79.0.3945.36 (3582db32b3389..., userDataDir: C:\Users\SUBHAS~1.BHA\AppDa...}, goog:chromeOptions: {debuggerAddress: localhost:54260}, javascriptEnabled: true, networkConnectionEnabled: false, pageLoadStrategy: normal, platform: WINDOWS, platformName: WINDOWS, proxy: Proxy(), setWindowRect: true, strictFileInteractability: false, timeouts: {implicit: 0, pageLoad: 300000, script: 30000}, unhandledPromptBehavior: dismiss and notify}
Session ID: 6dc14d1d9d309e5c6290f9cadb4260ec
*** Element info: {Using=xpath, value=(//i[contains(@mattooltip,&#039;Edit&#039;)])[1]}">
      <![CDATA[org.openqa.selenium.NoSuchElementException: no such element: Unable to locate element: {"method":"xpath","selector":"(//i[contains(@mattooltip,'Edit')])[1]"}
  (Session info: chrome=79.0.3945.88)
For documentation on this error, please visit: http://seleniumhq.org/exceptions/no_such_element.html
Build info: version: '3.14.0', revision: 'aacccce0', time: '2018-08-02T20:19:58.91Z'
System info: host: 'SBR-DEVPQA-12', ip: '10.182.106.119', os.name: 'Windows 10', os.arch: 'amd64', os.version: '10.0', java.version: '1.8.0_112'
Driver info: org.openqa.selenium.chrome.ChromeDriver
Capabilities {acceptInsecureCerts: false, browserName: chrome, browserVersion: 79.0.3945.88, chrome: {chromedriverVersion: 79.0.3945.36 (3582db32b3389..., userDataDir: C:\Users\SUBHAS~1.BHA\AppDa...}, goog:chromeOptions: {debuggerAddress: localhost:54260}, javascriptEnabled: true, networkConnectionEnabled: false, pageLoadStrategy: normal, platform: WINDOWS, platformName: WINDOWS, proxy: Proxy(), setWindowRect: true, strictFileInteractability: false, timeouts: {implicit: 0, pageLoad: 300000, script: 30000}, unhandledPromptBehavior: dismiss and notify}
Session ID: 6dc14d1d9d309e5c6290f9cadb4260ec
*** Element info: {Using=xpath, value=(//i[contains(@mattooltip,'Edit')])[1]}
at sun.reflect.NativeConstructorAccessorImpl.newInstance0(Native Method)
at sun.reflect.NativeConstructorAccessorImpl.newInstance(Unknown Source)
at sun.reflect.DelegatingConstructorAccessorImpl.newInstance(Unknown Source)
at java.lang.reflect.Constructor.newInstance(Unknown Source)
at org.openqa.selenium.remote.http.W3CHttpResponseCodec.createException(W3CHttpResponseCodec.java:187)
at org.openqa.selenium.remote.http.W3CHttpResponseCodec.decode(W3CHttpResponseCodec.java:122)
at org.openqa.selenium.remote.http.W3CHttpResponseCodec.decode(W3CHttpResponseCodec.java:49)
at org.openqa.selenium.remote.HttpCommandExecutor.execute(HttpCommandExecutor.java:158)
at org.openqa.selenium.remote.service.DriverCommandExecutor.execute(DriverCommandExecutor.java:83)
at org.openqa.selenium.remote.RemoteWebDriver.execute(RemoteWebDriver.java:548)
at org.openqa.selenium.remote.RemoteWebDriver.findElement(RemoteWebDriver.java:322)
at org.openqa.selenium.remote.RemoteWebDriver.findElementByXPath(RemoteWebDriver.java:424)
at org.openqa.selenium.By$ByXPath.findElement(By.java:353)
at org.openqa.selenium.remote.RemoteWebDriver.findElement(RemoteWebDriver.java:314)
at com.cm.qa.pages.ContractListPage.clickOnEditContractIcon(ContractListPage.java:45)
at com.cm.qa.testcases.CommercialsPageTests.addGeneralTermsTest(CommercialsPageTests.java:40)
at sun.reflect.NativeMethodAccessorImpl.invoke0(Native Method)
at sun.reflect.NativeMethodAccessorImpl.invoke(Unknown Source)
at sun.reflect.DelegatingMethodAccessorImpl.invoke(Unknown Source)
at java.lang.reflect.Method.invoke(Unknown Source)
at org.testng.internal.MethodInvocationHelper.invokeMethod(MethodInvocationHelper.java:124)
at org.testng.internal.Invoker.invokeMethod(Invoker.java:583)
at org.testng.internal.Invoker.invokeTestMethod(Invoker.java:719)
at org.testng.internal.Invoker.invokeTestMethods(Invoker.java:989)
at org.testng.internal.TestMethodWorker.invokeTestMethods(TestMethodWorker.java:125)
at org.testng.internal.TestMethodWorker.run(TestMethodWorker.java:109)
at org.testng.TestRunner.privateRun(TestRunner.java:648)
at org.testng.TestRunner.run(TestRunner.java:505)
at org.testng.SuiteRunner.runTest(SuiteRunner.java:455)
at org.testng.SuiteRunner.runSequentially(SuiteRunner.java:450)
at org.testng.SuiteRunner.privateRun(SuiteRunner.java:415)
at org.testng.SuiteRunner.run(SuiteRunner.java:364)
at org.testng.SuiteRunnerWorker.runSuite(SuiteRunnerWorker.java:52)
at org.testng.SuiteRunnerWorker.run(SuiteRunnerWorker.java:84)
at org.testng.TestNG.runSuitesSequentially(TestNG.java:1208)
at org.testng.TestNG.runSuitesLocally(TestNG.java:1137)
at org.testng.TestNG.runSuites(TestNG.java:1049)
at org.testng.TestNG.run(TestNG.java:1017)
at org.testng.remote.AbstractRemoteTestNG.run(AbstractRemoteTestNG.java:115)
at org.testng.remote.RemoteTestNG.initAndRun(RemoteTestNG.java:251)
at org.testng.remote.RemoteTestNG.main(RemoteTestNG.java:77)
]]>
    </error>
  </testcase> <!-- addGeneralTermsTest -->
  <testcase name="addGeneralTermsTest" time="24.860" classname="com.cm.qa.testcases.CommercialsPageTests"/>
  <testcase name="addUOMTest" time="12.401" classname="com.cm.qa.testcases.CommercialsPageTests"/>
  <testcase name="addLinkedOpportunityTest" time="11.866" classname="com.cm.qa.testcases.CommercialsPageTests"/>
  <testcase name="addServiceTest" time="11.405" classname="com.cm.qa.testcases.CommercialsPageTests"/>
  <testcase name="addSubServiceTest" time="12.010" classname="com.cm.qa.testcases.CommercialsPageTests"/>
  <testcase name="addProjectTest" time="11.217" classname="com.cm.qa.testcases.CommercialsPageTests"/>
  <testcase name="addTransactionRateStandardTest" time="32.875" classname="com.cm.qa.testcases.CommercialsPageTests"/>
  <testcase name="addTransactionRateVolumeTest" time="39.406" classname="com.cm.qa.testcases.CommercialsPageTests"/>
  <testcase name="addTimeAndMaterialModelTest" time="35.780" classname="com.cm.qa.testcases.CommercialsPageTests"/>
  <testcase name="addFixedFeeTest" time="36.954" classname="com.cm.qa.testcases.CommercialsPageTests">
    <failure type="java.lang.AssertionError" message="expected [Fixed Fee successfully updated
Operation Complete] but found [Fixed Fee updated
Operation Complete]">
      <![CDATA[java.lang.AssertionError: expected [Fixed Fee successfully updated
Operation Complete] but found [Fixed Fee updated
Operation Complete]
at org.testng.Assert.fail(Assert.java:96)
at org.testng.Assert.failNotEquals(Assert.java:776)
at org.testng.Assert.assertEqualsImpl(Assert.java:137)
at org.testng.Assert.assertEquals(Assert.java:118)
at org.testng.Assert.assertEquals(Assert.java:453)
at org.testng.Assert.assertEquals(Assert.java:463)
at com.cm.qa.testcases.CommercialsPageTests.addFixedFeeTest(CommercialsPageTests.java:157)
at sun.reflect.NativeMethodAccessorImpl.invoke0(Native Method)
at sun.reflect.NativeMethodAccessorImpl.invoke(Unknown Source)
at sun.reflect.DelegatingMethodAccessorImpl.invoke(Unknown Source)
at java.lang.reflect.Method.invoke(Unknown Source)
at org.testng.internal.MethodInvocationHelper.invokeMethod(MethodInvocationHelper.java:124)
at org.testng.internal.Invoker.invokeMethod(Invoker.java:583)
at org.testng.internal.Invoker.invokeTestMethod(Invoker.java:719)
at org.testng.internal.Invoker.invokeTestMethods(Invoker.java:989)
at org.testng.internal.TestMethodWorker.invokeTestMethods(TestMethodWorker.java:125)
at org.testng.internal.TestMethodWorker.run(TestMethodWorker.java:109)
at org.testng.TestRunner.privateRun(TestRunner.java:648)
at org.testng.TestRunner.run(TestRunner.java:505)
at org.testng.SuiteRunner.runTest(SuiteRunner.java:455)
at org.testng.SuiteRunner.runSequentially(SuiteRunner.java:450)
at org.testng.SuiteRunner.privateRun(SuiteRunner.java:415)
at org.testng.SuiteRunner.run(SuiteRunner.java:364)
at org.testng.SuiteRunnerWorker.runSuite(SuiteRunnerWorker.java:52)
at org.testng.SuiteRunnerWorker.run(SuiteRunnerWorker.java:84)
at org.testng.TestNG.runSuitesSequentially(TestNG.java:1208)
at org.testng.TestNG.runSuitesLocally(TestNG.java:1137)
at org.testng.TestNG.runSuites(TestNG.java:1049)
at org.testng.TestNG.run(TestNG.java:1017)
at org.testng.remote.AbstractRemoteTestNG.run(AbstractRemoteTestNG.java:115)
at org.testng.remote.RemoteTestNG.initAndRun(RemoteTestNG.java:251)
at org.testng.remote.RemoteTestNG.main(RemoteTestNG.java:77)
]]>
    </failure>
  </testcase> <!-- addFixedFeeTest -->
  <testcase name="addFixedFeeTest" time="27.504" classname="com.cm.qa.testcases.CommercialsPageTests">
    <failure type="java.lang.AssertionError" message="expected [Fixed Fee successfully updated
Operation Complete] but found [Fixed Fee updated
Operation Complete]">
      <![CDATA[java.lang.AssertionError: expected [Fixed Fee successfully updated
Operation Complete] but found [Fixed Fee updated
Operation Complete]
at org.testng.Assert.fail(Assert.java:96)
at org.testng.Assert.failNotEquals(Assert.java:776)
at org.testng.Assert.assertEqualsImpl(Assert.java:137)
at org.testng.Assert.assertEquals(Assert.java:118)
at org.testng.Assert.assertEquals(Assert.java:453)
at org.testng.Assert.assertEquals(Assert.java:463)
at com.cm.qa.testcases.CommercialsPageTests.addFixedFeeTest(CommercialsPageTests.java:157)
at sun.reflect.NativeMethodAccessorImpl.invoke0(Native Method)
at sun.reflect.NativeMethodAccessorImpl.invoke(Unknown Source)
at sun.reflect.DelegatingMethodAccessorImpl.invoke(Unknown Source)
at java.lang.reflect.Method.invoke(Unknown Source)
at org.testng.internal.MethodInvocationHelper.invokeMethod(MethodInvocationHelper.java:124)
at org.testng.internal.Invoker.invokeMethod(Invoker.java:583)
at org.testng.internal.Invoker.invokeTestMethod(Invoker.java:719)
at org.testng.internal.Invoker.invokeTestMethods(Invoker.java:989)
at org.testng.internal.TestMethodWorker.invokeTestMethods(TestMethodWorker.java:125)
at org.testng.internal.TestMethodWorker.run(TestMethodWorker.java:109)
at org.testng.TestRunner.privateRun(TestRunner.java:648)
at org.testng.TestRunner.run(TestRunner.java:505)
at org.testng.SuiteRunner.runTest(SuiteRunner.java:455)
at org.testng.SuiteRunner.runSequentially(SuiteRunner.java:450)
at org.testng.SuiteRunner.privateRun(SuiteRunner.java:415)
at org.testng.SuiteRunner.run(SuiteRunner.java:364)
at org.testng.SuiteRunnerWorker.runSuite(SuiteRunnerWorker.java:52)
at org.testng.SuiteRunnerWorker.run(SuiteRunnerWorker.java:84)
at org.testng.TestNG.runSuitesSequentially(TestNG.java:1208)
at org.testng.TestNG.runSuitesLocally(TestNG.java:1137)
at org.testng.TestNG.runSuites(TestNG.java:1049)
at org.testng.TestNG.run(TestNG.java:1017)
at org.testng.remote.AbstractRemoteTestNG.run(AbstractRemoteTestNG.java:115)
at org.testng.remote.RemoteTestNG.initAndRun(RemoteTestNG.java:251)
at org.testng.remote.RemoteTestNG.main(RemoteTestNG.java:77)
]]>
    </failure>
  </testcase> <!-- addFixedFeeTest -->
  <testcase name="addMinimumBillingTest" time="37.110" classname="com.cm.qa.testcases.CommercialsPageTests"/>
  <testcase name="addMinimumBillingTest" time="34.683" classname="com.cm.qa.testcases.CommercialsPageTests"/>
  <testcase name="editTransactionRateStandardTest" time="15.030" classname="com.cm.qa.testcases.CommercialsPageTests"/>
  <testcase name="copyTransactionRateStandardTest" time="9.638" classname="com.cm.qa.testcases.CommercialsPageTests"/>
  <testcase name="deleteTransactionRateStandardTest" time="10.408" classname="com.cm.qa.testcases.CommercialsPageTests"/>
  <testcase name="editTransactionRateVolumeTest" time="20.048" classname="com.cm.qa.testcases.CommercialsPageTests"/>
  <testcase name="copyTransactionRateVolumeTest" time="10.444" classname="com.cm.qa.testcases.CommercialsPageTests"/>
  <testcase name="deleteTransactionRateVolumeTest" time="11.382" classname="com.cm.qa.testcases.CommercialsPageTests"/>
  <testcase name="editTimeAndMaterialModelTest" time="21.318" classname="com.cm.qa.testcases.CommercialsPageTests"/>
  <testcase name="copyTimeAndMaterialModelTest" time="9.846" classname="com.cm.qa.testcases.CommercialsPageTests"/>
  <testcase name="deleteTimeAndMaterialModelTest" time="11.115" classname="com.cm.qa.testcases.CommercialsPageTests"/>
  <testcase name="editFixedFeeTest" time="16.360" classname="com.cm.qa.testcases.CommercialsPageTests"/>
  <testcase name="copyFixedFeeTest" time="10.088" classname="com.cm.qa.testcases.CommercialsPageTests"/>
  <testcase name="deleteFixedFeeTest" time="11.567" classname="com.cm.qa.testcases.CommercialsPageTests"/>
  <testcase name="editMinimumBillingTest" time="17.724" classname="com.cm.qa.testcases.CommercialsPageTests"/>
  <testcase name="copyMinimumBillingTest" time="10.342" classname="com.cm.qa.testcases.CommercialsPageTests"/>
  <testcase name="deleteMinimumBillingTest" time="11.931" classname="com.cm.qa.testcases.CommercialsPageTests"/>
</testsuite> <!-- com.cm.qa.testcases.CommercialsPageTests -->
